2024-06-25T13:36:08.345-04:00  INFO 1560 --- [TaskManagerAPI] [restartedMain] c.t.a.TaskManagerApiApplication          : Starting TaskManagerApiApplication using Java 17.0.10 with PID 1560 (C:\Users\SCOTT\Documents\STS_WORKSPACE_DARK\TaskManagerAPI\target\classes started by SCOTT in C:\Users\SCOTT\Documents\STS_WORKSPACE_DARK\TaskManagerAPI)
2024-06-25T13:36:08.348-04:00  INFO 1560 --- [TaskManagerAPI] [restartedMain] c.t.a.TaskManagerApiApplication          : No active profile set, falling back to 1 default profile: "default"
2024-06-25T13:36:08.407-04:00  INFO 1560 --- [TaskManagerAPI] [restartedMain] .e.DevToolsPropertyDefaultsPostProcessor : Devtools property defaults active! Set 'spring.devtools.add-properties' to 'false' to disable
2024-06-25T13:36:08.408-04:00  INFO 1560 --- [TaskManagerAPI] [restartedMain] .e.DevToolsPropertyDefaultsPostProcessor : For additional web related logging consider setting the 'logging.level.web' property to 'DEBUG'
2024-06-25T13:36:09.297-04:00  INFO 1560 --- [TaskManagerAPI] [restartedMain] .s.d.r.c.RepositoryConfigurationDelegate : Bootstrapping Spring Data JPA repositories in DEFAULT mode.
2024-06-25T13:36:09.324-04:00  INFO 1560 --- [TaskManagerAPI] [restartedMain] .s.d.r.c.RepositoryConfigurationDelegate : Finished Spring Data repository scanning in 16 ms. Found 0 JPA repository interfaces.
2024-06-25T13:36:10.029-04:00  INFO 1560 --- [TaskManagerAPI] [restartedMain] o.s.b.w.embedded.tomcat.TomcatWebServer  : Tomcat initialized with port 8080 (http)
2024-06-25T13:36:10.043-04:00  INFO 1560 --- [TaskManagerAPI] [restartedMain] o.apache.catalina.core.StandardService   : Starting service [Tomcat]
2024-06-25T13:36:10.044-04:00  INFO 1560 --- [TaskManagerAPI] [restartedMain] o.apache.catalina.core.StandardEngine    : Starting Servlet engine: [Apache Tomcat/10.1.25]
2024-06-25T13:36:10.139-04:00  INFO 1560 --- [TaskManagerAPI] [restartedMain] o.a.c.c.C.[Tomcat].[localhost].[/]       : Initializing Spring embedded WebApplicationContext
2024-06-25T13:36:10.140-04:00  INFO 1560 --- [TaskManagerAPI] [restartedMain] w.s.c.ServletWebServerApplicationContext : Root WebApplicationContext: initialization completed in 1732 ms
2024-06-25T13:36:10.338-04:00  INFO 1560 --- [TaskManagerAPI] [restartedMain] o.hibernate.jpa.internal.util.LogHelper  : HHH000204: Processing PersistenceUnitInfo [name: default]
2024-06-25T13:36:10.416-04:00  INFO 1560 --- [TaskManagerAPI] [restartedMain] org.hibernate.Version                    : HHH000412: Hibernate ORM core version 6.5.2.Final
2024-06-25T13:36:10.462-04:00  INFO 1560 --- [TaskManagerAPI] [restartedMain] o.h.c.internal.RegionFactoryInitiator    : HHH000026: Second-level cache disabled
2024-06-25T13:36:10.836-04:00  INFO 1560 --- [TaskManagerAPI] [restartedMain] o.s.o.j.p.SpringPersistenceUnitInfo      : No LoadTimeWeaver setup: ignoring JPA class transformer
2024-06-25T13:36:10.879-04:00  INFO 1560 --- [TaskManagerAPI] [restartedMain] com.zaxxer.hikari.HikariDataSource       : HikariPool-1 - Starting...
2024-06-25T13:36:11.368-04:00  INFO 1560 --- [TaskManagerAPI] [restartedMain] com.zaxxer.hikari.pool.HikariPool        : HikariPool-1 - Added connection com.mysql.cj.jdbc.ConnectionImpl@11a1cf1d
2024-06-25T13:36:11.370-04:00  INFO 1560 --- [TaskManagerAPI] [restartedMain] com.zaxxer.hikari.HikariDataSource       : HikariPool-1 - Start completed.
2024-06-25T13:36:11.898-04:00  INFO 1560 --- [TaskManagerAPI] [restartedMain] o.h.e.t.j.p.i.JtaPlatformInitiator       : HHH000489: No JTA platform available (set 'hibernate.transaction.jta.platform' to enable JTA platform integration)
2024-06-25T13:36:11.909-04:00  INFO 1560 --- [TaskManagerAPI] [restartedMain] j.LocalContainerEntityManagerFactoryBean : Initialized JPA EntityManagerFactory for persistence unit 'default'
2024-06-25T13:36:12.031-04:00  WARN 1560 --- [TaskManagerAPI] [restartedMain] JpaBaseConfiguration$JpaWebConfiguration : spring.jpa.open-in-view is enabled by default. Therefore, database queries may be performed during view rendering. Explicitly configure spring.jpa.open-in-view to disable this warning
2024-06-25T13:36:12.632-04:00  INFO 1560 --- [TaskManagerAPI] [restartedMain] o.s.b.d.a.OptionalLiveReloadServer       : LiveReload server is running on port 35729
2024-06-25T13:36:12.703-04:00  INFO 1560 --- [TaskManagerAPI] [restartedMain] o.s.b.w.embedded.tomcat.TomcatWebServer  : Tomcat started on port 8080 (http) with context path '/'
2024-06-25T13:36:12.720-04:00  INFO 1560 --- [TaskManagerAPI] [restartedMain] c.t.a.TaskManagerApiApplication          : Started TaskManagerApiApplication in 4.907 seconds (process running for 5.807)
2024-06-25T13:36:16.112-04:00  INFO 1560 --- [TaskManagerAPI] [http-nio-8080-exec-1] o.a.c.c.C.[Tomcat].[localhost].[/]       : Initializing Spring DispatcherServlet 'dispatcherServlet'
2024-06-25T13:36:16.112-04:00  INFO 1560 --- [TaskManagerAPI] [http-nio-8080-exec-1] o.s.web.servlet.DispatcherServlet        : Initializing Servlet 'dispatcherServlet'
2024-06-25T13:36:16.113-04:00  INFO 1560 --- [TaskManagerAPI] [http-nio-8080-exec-1] o.s.web.servlet.DispatcherServlet        : Completed initialization in 1 ms
2024-06-25T13:38:32.008-04:00  INFO 1560 --- [TaskManagerAPI] [RMI TCP Connection(6)-127.0.0.1] inMXBeanRegistrar$SpringApplicationAdmin : Application shutdown requested.
2024-06-25T13:38:32.241-04:00  INFO 1560 --- [TaskManagerAPI] [RMI TCP Connection(6)-127.0.0.1] j.LocalContainerEntityManagerFactoryBean : Closing JPA EntityManagerFactory for persistence unit 'default'
2024-06-25T13:38:32.244-04:00  INFO 1560 --- [TaskManagerAPI] [RMI TCP Connection(6)-127.0.0.1] com.zaxxer.hikari.HikariDataSource       : HikariPool-1 - Shutdown initiated...
2024-06-25T13:38:32.257-04:00  INFO 1560 --- [TaskManagerAPI] [RMI TCP Connection(6)-127.0.0.1] com.zaxxer.hikari.HikariDataSource       : HikariPool-1 - Shutdown completed.
2024-06-25T13:38:36.628-04:00  INFO 8640 --- [TaskManagerAPI] [restartedMain] c.t.a.TaskManagerApiApplication          : Starting TaskManagerApiApplication using Java 17.0.10 with PID 8640 (C:\Users\SCOTT\Documents\STS_WORKSPACE_DARK\TaskManagerAPI\target\classes started by SCOTT in C:\Users\SCOTT\Documents\STS_WORKSPACE_DARK\TaskManagerAPI)
2024-06-25T13:38:36.631-04:00  INFO 8640 --- [TaskManagerAPI] [restartedMain] c.t.a.TaskManagerApiApplication          : No active profile set, falling back to 1 default profile: "default"
2024-06-25T13:38:36.701-04:00  INFO 8640 --- [TaskManagerAPI] [restartedMain] .e.DevToolsPropertyDefaultsPostProcessor : Devtools property defaults active! Set 'spring.devtools.add-properties' to 'false' to disable
2024-06-25T13:38:36.701-04:00  INFO 8640 --- [TaskManagerAPI] [restartedMain] .e.DevToolsPropertyDefaultsPostProcessor : For additional web related logging consider setting the 'logging.level.web' property to 'DEBUG'
2024-06-25T13:38:37.506-04:00  INFO 8640 --- [TaskManagerAPI] [restartedMain] .s.d.r.c.RepositoryConfigurationDelegate : Bootstrapping Spring Data JPA repositories in DEFAULT mode.
2024-06-25T13:38:37.534-04:00  INFO 8640 --- [TaskManagerAPI] [restartedMain] .s.d.r.c.RepositoryConfigurationDelegate : Finished Spring Data repository scanning in 17 ms. Found 0 JPA repository interfaces.
2024-06-25T13:38:38.192-04:00  INFO 8640 --- [TaskManagerAPI] [restartedMain] o.s.b.w.embedded.tomcat.TomcatWebServer  : Tomcat initialized with port 8080 (http)
2024-06-25T13:38:38.205-04:00  INFO 8640 --- [TaskManagerAPI] [restartedMain] o.apache.catalina.core.StandardService   : Starting service [Tomcat]
2024-06-25T13:38:38.206-04:00  INFO 8640 --- [TaskManagerAPI] [restartedMain] o.apache.catalina.core.StandardEngine    : Starting Servlet engine: [Apache Tomcat/10.1.25]
2024-06-25T13:38:38.300-04:00  INFO 8640 --- [TaskManagerAPI] [restartedMain] o.a.c.c.C.[Tomcat].[localhost].[/]       : Initializing Spring embedded WebApplicationContext
2024-06-25T13:38:38.301-04:00  INFO 8640 --- [TaskManagerAPI] [restartedMain] w.s.c.ServletWebServerApplicationContext : Root WebApplicationContext: initialization completed in 1598 ms
2024-06-25T13:38:38.498-04:00  INFO 8640 --- [TaskManagerAPI] [restartedMain] o.hibernate.jpa.internal.util.LogHelper  : HHH000204: Processing PersistenceUnitInfo [name: default]
2024-06-25T13:38:38.583-04:00  INFO 8640 --- [TaskManagerAPI] [restartedMain] org.hibernate.Version                    : HHH000412: Hibernate ORM core version 6.5.2.Final
2024-06-25T13:38:38.630-04:00  INFO 8640 --- [TaskManagerAPI] [restartedMain] o.h.c.internal.RegionFactoryInitiator    : HHH000026: Second-level cache disabled
2024-06-25T13:38:38.998-04:00  INFO 8640 --- [TaskManagerAPI] [restartedMain] o.s.o.j.p.SpringPersistenceUnitInfo      : No LoadTimeWeaver setup: ignoring JPA class transformer
2024-06-25T13:38:39.045-04:00  INFO 8640 --- [TaskManagerAPI] [restartedMain] com.zaxxer.hikari.HikariDataSource       : HikariPool-1 - Starting...
2024-06-25T13:38:39.380-04:00  INFO 8640 --- [TaskManagerAPI] [restartedMain] com.zaxxer.hikari.pool.HikariPool        : HikariPool-1 - Added connection com.mysql.cj.jdbc.ConnectionImpl@3bc35627
2024-06-25T13:38:39.384-04:00  INFO 8640 --- [TaskManagerAPI] [restartedMain] com.zaxxer.hikari.HikariDataSource       : HikariPool-1 - Start completed.
2024-06-25T13:38:39.933-04:00  INFO 8640 --- [TaskManagerAPI] [restartedMain] o.h.e.t.j.p.i.JtaPlatformInitiator       : HHH000489: No JTA platform available (set 'hibernate.transaction.jta.platform' to enable JTA platform integration)
2024-06-25T13:38:39.943-04:00  INFO 8640 --- [TaskManagerAPI] [restartedMain] j.LocalContainerEntityManagerFactoryBean : Initialized JPA EntityManagerFactory for persistence unit 'default'
2024-06-25T13:38:40.014-04:00  WARN 8640 --- [TaskManagerAPI] [restartedMain] JpaBaseConfiguration$JpaWebConfiguration : spring.jpa.open-in-view is enabled by default. Therefore, database queries may be performed during view rendering. Explicitly configure spring.jpa.open-in-view to disable this warning
2024-06-25T13:38:40.661-04:00  INFO 8640 --- [TaskManagerAPI] [restartedMain] o.s.b.d.a.OptionalLiveReloadServer       : LiveReload server is running on port 35729
2024-06-25T13:38:40.711-04:00  INFO 8640 --- [TaskManagerAPI] [restartedMain] o.s.b.w.embedded.tomcat.TomcatWebServer  : Tomcat started on port 8080 (http) with context path '/'
2024-06-25T13:38:40.723-04:00  INFO 8640 --- [TaskManagerAPI] [restartedMain] c.t.a.TaskManagerApiApplication          : Started TaskManagerApiApplication in 4.661 seconds (process running for 5.612)
2024-06-25T13:38:43.300-04:00  INFO 8640 --- [TaskManagerAPI] [http-nio-8080-exec-2] o.a.c.c.C.[Tomcat].[localhost].[/]       : Initializing Spring DispatcherServlet 'dispatcherServlet'
2024-06-25T13:38:43.300-04:00  INFO 8640 --- [TaskManagerAPI] [http-nio-8080-exec-2] o.s.web.servlet.DispatcherServlet        : Initializing Servlet 'dispatcherServlet'
2024-06-25T13:38:43.302-04:00  INFO 8640 --- [TaskManagerAPI] [http-nio-8080-exec-2] o.s.web.servlet.DispatcherServlet        : Completed initialization in 2 ms
2024-06-25T13:44:28.862-04:00  INFO 8640 --- [TaskManagerAPI] [RMI TCP Connection(9)-127.0.0.1] inMXBeanRegistrar$SpringApplicationAdmin : Application shutdown requested.
2024-06-25T13:44:29.104-04:00  INFO 8640 --- [TaskManagerAPI] [RMI TCP Connection(9)-127.0.0.1] j.LocalContainerEntityManagerFactoryBean : Closing JPA EntityManagerFactory for persistence unit 'default'
2024-06-25T13:44:29.107-04:00  INFO 8640 --- [TaskManagerAPI] [RMI TCP Connection(9)-127.0.0.1] com.zaxxer.hikari.HikariDataSource       : HikariPool-1 - Shutdown initiated...
2024-06-25T13:44:29.121-04:00  INFO 8640 --- [TaskManagerAPI] [RMI TCP Connection(9)-127.0.0.1] com.zaxxer.hikari.HikariDataSource       : HikariPool-1 - Shutdown completed.
2024-06-25T13:45:14.809-04:00  INFO 14936 --- [TaskManagerAPI] [restartedMain] c.t.a.TaskManagerApiApplication          : Starting TaskManagerApiApplication using Java 17.0.10 with PID 14936 (C:\Users\SCOTT\Documents\STS_WORKSPACE_DARK\TaskManagerAPI\target\classes started by SCOTT in C:\Users\SCOTT\Documents\STS_WORKSPACE_DARK\TaskManagerAPI)
2024-06-25T13:45:14.813-04:00  INFO 14936 --- [TaskManagerAPI] [restartedMain] c.t.a.TaskManagerApiApplication          : No active profile set, falling back to 1 default profile: "default"
2024-06-25T13:45:14.888-04:00  INFO 14936 --- [TaskManagerAPI] [restartedMain] .e.DevToolsPropertyDefaultsPostProcessor : Devtools property defaults active! Set 'spring.devtools.add-properties' to 'false' to disable
2024-06-25T13:45:14.889-04:00  INFO 14936 --- [TaskManagerAPI] [restartedMain] .e.DevToolsPropertyDefaultsPostProcessor : For additional web related logging consider setting the 'logging.level.web' property to 'DEBUG'
2024-06-25T13:45:15.717-04:00  INFO 14936 --- [TaskManagerAPI] [restartedMain] .s.d.r.c.RepositoryConfigurationDelegate : Bootstrapping Spring Data JPA repositories in DEFAULT mode.
2024-06-25T13:45:15.747-04:00  INFO 14936 --- [TaskManagerAPI] [restartedMain] .s.d.r.c.RepositoryConfigurationDelegate : Finished Spring Data repository scanning in 19 ms. Found 0 JPA repository interfaces.
2024-06-25T13:45:16.490-04:00  INFO 14936 --- [TaskManagerAPI] [restartedMain] o.s.b.w.embedded.tomcat.TomcatWebServer  : Tomcat initialized with port 8080 (http)
2024-06-25T13:45:16.505-04:00  INFO 14936 --- [TaskManagerAPI] [restartedMain] o.apache.catalina.core.StandardService   : Starting service [Tomcat]
2024-06-25T13:45:16.505-04:00  INFO 14936 --- [TaskManagerAPI] [restartedMain] o.apache.catalina.core.StandardEngine    : Starting Servlet engine: [Apache Tomcat/10.1.25]
2024-06-25T13:45:16.602-04:00  INFO 14936 --- [TaskManagerAPI] [restartedMain] o.a.c.c.C.[Tomcat].[localhost].[/]       : Initializing Spring embedded WebApplicationContext
2024-06-25T13:45:16.603-04:00  INFO 14936 --- [TaskManagerAPI] [restartedMain] w.s.c.ServletWebServerApplicationContext : Root WebApplicationContext: initialization completed in 1714 ms
2024-06-25T13:45:16.791-04:00  INFO 14936 --- [TaskManagerAPI] [restartedMain] o.hibernate.jpa.internal.util.LogHelper  : HHH000204: Processing PersistenceUnitInfo [name: default]
2024-06-25T13:45:16.866-04:00  INFO 14936 --- [TaskManagerAPI] [restartedMain] org.hibernate.Version                    : HHH000412: Hibernate ORM core version 6.5.2.Final
2024-06-25T13:45:16.912-04:00  INFO 14936 --- [TaskManagerAPI] [restartedMain] o.h.c.internal.RegionFactoryInitiator    : HHH000026: Second-level cache disabled
2024-06-25T13:45:17.258-04:00  INFO 14936 --- [TaskManagerAPI] [restartedMain] o.s.o.j.p.SpringPersistenceUnitInfo      : No LoadTimeWeaver setup: ignoring JPA class transformer
2024-06-25T13:45:17.297-04:00  INFO 14936 --- [TaskManagerAPI] [restartedMain] com.zaxxer.hikari.HikariDataSource       : HikariPool-1 - Starting...
2024-06-25T13:45:17.641-04:00  INFO 14936 --- [TaskManagerAPI] [restartedMain] com.zaxxer.hikari.pool.HikariPool        : HikariPool-1 - Added connection com.mysql.cj.jdbc.ConnectionImpl@5e43ca76
2024-06-25T13:45:17.645-04:00  INFO 14936 --- [TaskManagerAPI] [restartedMain] com.zaxxer.hikari.HikariDataSource       : HikariPool-1 - Start completed.
2024-06-25T13:45:18.135-04:00  INFO 14936 --- [TaskManagerAPI] [restartedMain] o.h.e.t.j.p.i.JtaPlatformInitiator       : HHH000489: No JTA platform available (set 'hibernate.transaction.jta.platform' to enable JTA platform integration)
2024-06-25T13:45:18.145-04:00  INFO 14936 --- [TaskManagerAPI] [restartedMain] j.LocalContainerEntityManagerFactoryBean : Initialized JPA EntityManagerFactory for persistence unit 'default'
2024-06-25T13:45:18.209-04:00  WARN 14936 --- [TaskManagerAPI] [restartedMain] JpaBaseConfiguration$JpaWebConfiguration : spring.jpa.open-in-view is enabled by default. Therefore, database queries may be performed during view rendering. Explicitly configure spring.jpa.open-in-view to disable this warning
2024-06-25T13:45:18.831-04:00  INFO 14936 --- [TaskManagerAPI] [restartedMain] o.s.b.d.a.OptionalLiveReloadServer       : LiveReload server is running on port 35729
2024-06-25T13:45:18.882-04:00  INFO 14936 --- [TaskManagerAPI] [restartedMain] o.s.b.w.embedded.tomcat.TomcatWebServer  : Tomcat started on port 8080 (http) with context path '/'
2024-06-25T13:45:18.893-04:00  INFO 14936 --- [TaskManagerAPI] [restartedMain] c.t.a.TaskManagerApiApplication          : Started TaskManagerApiApplication in 4.654 seconds (process running for 5.64)
2024-06-25T13:45:23.019-04:00  INFO 14936 --- [TaskManagerAPI] [http-nio-8080-exec-2] o.a.c.c.C.[Tomcat].[localhost].[/]       : Initializing Spring DispatcherServlet 'dispatcherServlet'
2024-06-25T13:45:23.020-04:00  INFO 14936 --- [TaskManagerAPI] [http-nio-8080-exec-2] o.s.web.servlet.DispatcherServlet        : Initializing Servlet 'dispatcherServlet'
2024-06-25T13:45:23.022-04:00  INFO 14936 --- [TaskManagerAPI] [http-nio-8080-exec-2] o.s.web.servlet.DispatcherServlet        : Completed initialization in 1 ms
2024-06-25T13:45:59.719-04:00  INFO 14936 --- [TaskManagerAPI] [RMI TCP Connection(4)-127.0.0.1] inMXBeanRegistrar$SpringApplicationAdmin : Application shutdown requested.
2024-06-25T13:45:59.963-04:00  INFO 14936 --- [TaskManagerAPI] [RMI TCP Connection(4)-127.0.0.1] j.LocalContainerEntityManagerFactoryBean : Closing JPA EntityManagerFactory for persistence unit 'default'
2024-06-25T13:45:59.968-04:00  INFO 14936 --- [TaskManagerAPI] [RMI TCP Connection(4)-127.0.0.1] com.zaxxer.hikari.HikariDataSource       : HikariPool-1 - Shutdown initiated...
2024-06-25T13:45:59.981-04:00  INFO 14936 --- [TaskManagerAPI] [RMI TCP Connection(4)-127.0.0.1] com.zaxxer.hikari.HikariDataSource       : HikariPool-1 - Shutdown completed.
2024-06-25T13:46:03.817-04:00  INFO 15732 --- [TaskManagerAPI] [restartedMain] c.t.a.TaskManagerApiApplication          : Starting TaskManagerApiApplication using Java 17.0.10 with PID 15732 (C:\Users\SCOTT\Documents\STS_WORKSPACE_DARK\TaskManagerAPI\target\classes started by SCOTT in C:\Users\SCOTT\Documents\STS_WORKSPACE_DARK\TaskManagerAPI)
2024-06-25T13:46:03.820-04:00  INFO 15732 --- [TaskManagerAPI] [restartedMain] c.t.a.TaskManagerApiApplication          : No active profile set, falling back to 1 default profile: "default"
2024-06-25T13:46:03.884-04:00  INFO 15732 --- [TaskManagerAPI] [restartedMain] .e.DevToolsPropertyDefaultsPostProcessor : Devtools property defaults active! Set 'spring.devtools.add-properties' to 'false' to disable
2024-06-25T13:46:03.885-04:00  INFO 15732 --- [TaskManagerAPI] [restartedMain] .e.DevToolsPropertyDefaultsPostProcessor : For additional web related logging consider setting the 'logging.level.web' property to 'DEBUG'
2024-06-25T13:46:04.706-04:00  INFO 15732 --- [TaskManagerAPI] [restartedMain] .s.d.r.c.RepositoryConfigurationDelegate : Bootstrapping Spring Data JPA repositories in DEFAULT mode.
2024-06-25T13:46:04.731-04:00  INFO 15732 --- [TaskManagerAPI] [restartedMain] .s.d.r.c.RepositoryConfigurationDelegate : Finished Spring Data repository scanning in 16 ms. Found 0 JPA repository interfaces.
2024-06-25T13:46:05.431-04:00  INFO 15732 --- [TaskManagerAPI] [restartedMain] o.s.b.w.embedded.tomcat.TomcatWebServer  : Tomcat initialized with port 8080 (http)
2024-06-25T13:46:05.446-04:00  INFO 15732 --- [TaskManagerAPI] [restartedMain] o.apache.catalina.core.StandardService   : Starting service [Tomcat]
2024-06-25T13:46:05.447-04:00  INFO 15732 --- [TaskManagerAPI] [restartedMain] o.apache.catalina.core.StandardEngine    : Starting Servlet engine: [Apache Tomcat/10.1.25]
2024-06-25T13:46:05.543-04:00  INFO 15732 --- [TaskManagerAPI] [restartedMain] o.a.c.c.C.[Tomcat].[localhost].[/]       : Initializing Spring embedded WebApplicationContext
2024-06-25T13:46:05.544-04:00  INFO 15732 --- [TaskManagerAPI] [restartedMain] w.s.c.ServletWebServerApplicationContext : Root WebApplicationContext: initialization completed in 1658 ms
2024-06-25T13:46:05.740-04:00  INFO 15732 --- [TaskManagerAPI] [restartedMain] o.hibernate.jpa.internal.util.LogHelper  : HHH000204: Processing PersistenceUnitInfo [name: default]
2024-06-25T13:46:05.814-04:00  INFO 15732 --- [TaskManagerAPI] [restartedMain] org.hibernate.Version                    : HHH000412: Hibernate ORM core version 6.5.2.Final
2024-06-25T13:46:05.863-04:00  INFO 15732 --- [TaskManagerAPI] [restartedMain] o.h.c.internal.RegionFactoryInitiator    : HHH000026: Second-level cache disabled
2024-06-25T13:46:06.204-04:00  INFO 15732 --- [TaskManagerAPI] [restartedMain] o.s.o.j.p.SpringPersistenceUnitInfo      : No LoadTimeWeaver setup: ignoring JPA class transformer
2024-06-25T13:46:06.249-04:00  INFO 15732 --- [TaskManagerAPI] [restartedMain] com.zaxxer.hikari.HikariDataSource       : HikariPool-1 - Starting...
2024-06-25T13:46:06.605-04:00  INFO 15732 --- [TaskManagerAPI] [restartedMain] com.zaxxer.hikari.pool.HikariPool        : HikariPool-1 - Added connection com.mysql.cj.jdbc.ConnectionImpl@31fa0e15
2024-06-25T13:46:06.608-04:00  INFO 15732 --- [TaskManagerAPI] [restartedMain] com.zaxxer.hikari.HikariDataSource       : HikariPool-1 - Start completed.
2024-06-25T13:46:07.152-04:00  INFO 15732 --- [TaskManagerAPI] [restartedMain] o.h.e.t.j.p.i.JtaPlatformInitiator       : HHH000489: No JTA platform available (set 'hibernate.transaction.jta.platform' to enable JTA platform integration)
2024-06-25T13:46:07.164-04:00  INFO 15732 --- [TaskManagerAPI] [restartedMain] j.LocalContainerEntityManagerFactoryBean : Initialized JPA EntityManagerFactory for persistence unit 'default'
2024-06-25T13:46:07.231-04:00  WARN 15732 --- [TaskManagerAPI] [restartedMain] JpaBaseConfiguration$JpaWebConfiguration : spring.jpa.open-in-view is enabled by default. Therefore, database queries may be performed during view rendering. Explicitly configure spring.jpa.open-in-view to disable this warning
2024-06-25T13:46:07.929-04:00  INFO 15732 --- [TaskManagerAPI] [restartedMain] o.s.b.d.a.OptionalLiveReloadServer       : LiveReload server is running on port 35729
2024-06-25T13:46:07.983-04:00  INFO 15732 --- [TaskManagerAPI] [restartedMain] o.s.b.w.embedded.tomcat.TomcatWebServer  : Tomcat started on port 8080 (http) with context path '/'
2024-06-25T13:46:07.995-04:00  INFO 15732 --- [TaskManagerAPI] [restartedMain] c.t.a.TaskManagerApiApplication          : Started TaskManagerApiApplication in 4.73 seconds (process running for 5.557)
2024-06-25T13:46:19.187-04:00  INFO 15732 --- [TaskManagerAPI] [RMI TCP Connection(2)-127.0.0.1] inMXBeanRegistrar$SpringApplicationAdmin : Application shutdown requested.
2024-06-25T13:46:19.455-04:00  INFO 15732 --- [TaskManagerAPI] [RMI TCP Connection(2)-127.0.0.1] j.LocalContainerEntityManagerFactoryBean : Closing JPA EntityManagerFactory for persistence unit 'default'
2024-06-25T13:46:19.459-04:00  INFO 15732 --- [TaskManagerAPI] [RMI TCP Connection(2)-127.0.0.1] com.zaxxer.hikari.HikariDataSource       : HikariPool-1 - Shutdown initiated...
2024-06-25T13:46:19.474-04:00  INFO 15732 --- [TaskManagerAPI] [RMI TCP Connection(2)-127.0.0.1] com.zaxxer.hikari.HikariDataSource       : HikariPool-1 - Shutdown completed.
2024-06-25T13:48:07.493-04:00  INFO 3268 --- [TaskManagerAPI] [restartedMain] c.t.a.TaskManagerApiApplication          : Starting TaskManagerApiApplication using Java 17.0.10 with PID 3268 (C:\Users\SCOTT\Documents\STS_WORKSPACE_DARK\TaskManagerAPI\target\classes started by SCOTT in C:\Users\SCOTT\Documents\STS_WORKSPACE_DARK\TaskManagerAPI)
2024-06-25T13:48:07.497-04:00  INFO 3268 --- [TaskManagerAPI] [restartedMain] c.t.a.TaskManagerApiApplication          : No active profile set, falling back to 1 default profile: "default"
2024-06-25T13:48:07.561-04:00  INFO 3268 --- [TaskManagerAPI] [restartedMain] .e.DevToolsPropertyDefaultsPostProcessor : Devtools property defaults active! Set 'spring.devtools.add-properties' to 'false' to disable
2024-06-25T13:48:07.562-04:00  INFO 3268 --- [TaskManagerAPI] [restartedMain] .e.DevToolsPropertyDefaultsPostProcessor : For additional web related logging consider setting the 'logging.level.web' property to 'DEBUG'
2024-06-25T13:48:08.448-04:00  INFO 3268 --- [TaskManagerAPI] [restartedMain] .s.d.r.c.RepositoryConfigurationDelegate : Bootstrapping Spring Data JPA repositories in DEFAULT mode.
2024-06-25T13:48:08.477-04:00  INFO 3268 --- [TaskManagerAPI] [restartedMain] .s.d.r.c.RepositoryConfigurationDelegate : Finished Spring Data repository scanning in 17 ms. Found 0 JPA repository interfaces.
2024-06-25T13:48:09.235-04:00  INFO 3268 --- [TaskManagerAPI] [restartedMain] o.s.b.w.embedded.tomcat.TomcatWebServer  : Tomcat initialized with port 8080 (http)
2024-06-25T13:48:09.247-04:00  INFO 3268 --- [TaskManagerAPI] [restartedMain] o.apache.catalina.core.StandardService   : Starting service [Tomcat]
2024-06-25T13:48:09.248-04:00  INFO 3268 --- [TaskManagerAPI] [restartedMain] o.apache.catalina.core.StandardEngine    : Starting Servlet engine: [Apache Tomcat/10.1.25]
2024-06-25T13:48:09.338-04:00  INFO 3268 --- [TaskManagerAPI] [restartedMain] o.a.c.c.C.[Tomcat].[localhost].[/]       : Initializing Spring embedded WebApplicationContext
2024-06-25T13:48:09.339-04:00  INFO 3268 --- [TaskManagerAPI] [restartedMain] w.s.c.ServletWebServerApplicationContext : Root WebApplicationContext: initialization completed in 1776 ms
2024-06-25T13:48:09.553-04:00  INFO 3268 --- [TaskManagerAPI] [restartedMain] o.hibernate.jpa.internal.util.LogHelper  : HHH000204: Processing PersistenceUnitInfo [name: default]
2024-06-25T13:48:09.630-04:00  INFO 3268 --- [TaskManagerAPI] [restartedMain] org.hibernate.Version                    : HHH000412: Hibernate ORM core version 6.5.2.Final
2024-06-25T13:48:09.686-04:00  INFO 3268 --- [TaskManagerAPI] [restartedMain] o.h.c.internal.RegionFactoryInitiator    : HHH000026: Second-level cache disabled
2024-06-25T13:48:10.091-04:00  INFO 3268 --- [TaskManagerAPI] [restartedMain] o.s.o.j.p.SpringPersistenceUnitInfo      : No LoadTimeWeaver setup: ignoring JPA class transformer
2024-06-25T13:48:10.138-04:00  INFO 3268 --- [TaskManagerAPI] [restartedMain] com.zaxxer.hikari.HikariDataSource       : HikariPool-1 - Starting...
2024-06-25T13:48:10.520-04:00  INFO 3268 --- [TaskManagerAPI] [restartedMain] com.zaxxer.hikari.pool.HikariPool        : HikariPool-1 - Added connection com.mysql.cj.jdbc.ConnectionImpl@26187e38
2024-06-25T13:48:10.523-04:00  INFO 3268 --- [TaskManagerAPI] [restartedMain] com.zaxxer.hikari.HikariDataSource       : HikariPool-1 - Start completed.
2024-06-25T13:48:11.065-04:00  INFO 3268 --- [TaskManagerAPI] [restartedMain] o.h.e.t.j.p.i.JtaPlatformInitiator       : HHH000489: No JTA platform available (set 'hibernate.transaction.jta.platform' to enable JTA platform integration)
2024-06-25T13:48:11.074-04:00  INFO 3268 --- [TaskManagerAPI] [restartedMain] j.LocalContainerEntityManagerFactoryBean : Initialized JPA EntityManagerFactory for persistence unit 'default'
2024-06-25T13:48:11.143-04:00  WARN 3268 --- [TaskManagerAPI] [restartedMain] JpaBaseConfiguration$JpaWebConfiguration : spring.jpa.open-in-view is enabled by default. Therefore, database queries may be performed during view rendering. Explicitly configure spring.jpa.open-in-view to disable this warning
2024-06-25T13:48:11.788-04:00  INFO 3268 --- [TaskManagerAPI] [restartedMain] o.s.b.d.a.OptionalLiveReloadServer       : LiveReload server is running on port 35729
2024-06-25T13:48:11.843-04:00  INFO 3268 --- [TaskManagerAPI] [restartedMain] o.s.b.w.embedded.tomcat.TomcatWebServer  : Tomcat started on port 8080 (http) with context path '/'
2024-06-25T13:48:11.858-04:00  INFO 3268 --- [TaskManagerAPI] [restartedMain] c.t.a.TaskManagerApiApplication          : Started TaskManagerApiApplication in 4.913 seconds (process running for 5.894)
2024-06-25T14:02:25.721-04:00  INFO 3268 --- [TaskManagerAPI] [RMI TCP Connection(19)-127.0.0.1] inMXBeanRegistrar$SpringApplicationAdmin : Application shutdown requested.
2024-06-25T14:02:25.971-04:00  INFO 3268 --- [TaskManagerAPI] [RMI TCP Connection(19)-127.0.0.1] j.LocalContainerEntityManagerFactoryBean : Closing JPA EntityManagerFactory for persistence unit 'default'
2024-06-25T14:02:25.975-04:00  INFO 3268 --- [TaskManagerAPI] [RMI TCP Connection(19)-127.0.0.1] com.zaxxer.hikari.HikariDataSource       : HikariPool-1 - Shutdown initiated...
2024-06-25T14:02:25.992-04:00  INFO 3268 --- [TaskManagerAPI] [RMI TCP Connection(19)-127.0.0.1] com.zaxxer.hikari.HikariDataSource       : HikariPool-1 - Shutdown completed.
2024-06-25T14:39:32.049-04:00  INFO 13660 --- [TaskManagerAPI] [restartedMain] c.taskmanager.TaskManagerApiApplication  : Starting TaskManagerApiApplication using Java 17.0.10 with PID 13660 (C:\Users\SCOTT\Documents\STS_WORKSPACE_DARK\TaskManagerAPI\target\classes started by SCOTT in C:\Users\SCOTT\Documents\STS_WORKSPACE_DARK\TaskManagerAPI)
2024-06-25T14:39:32.053-04:00  INFO 13660 --- [TaskManagerAPI] [restartedMain] c.taskmanager.TaskManagerApiApplication  : No active profile set, falling back to 1 default profile: "default"
2024-06-25T14:39:32.121-04:00  INFO 13660 --- [TaskManagerAPI] [restartedMain] .e.DevToolsPropertyDefaultsPostProcessor : Devtools property defaults active! Set 'spring.devtools.add-properties' to 'false' to disable
2024-06-25T14:39:32.121-04:00  INFO 13660 --- [TaskManagerAPI] [restartedMain] .e.DevToolsPropertyDefaultsPostProcessor : For additional web related logging consider setting the 'logging.level.web' property to 'DEBUG'
2024-06-25T14:39:33.124-04:00  INFO 13660 --- [TaskManagerAPI] [restartedMain] .s.d.r.c.RepositoryConfigurationDelegate : Bootstrapping Spring Data JPA repositories in DEFAULT mode.
2024-06-25T14:39:33.219-04:00  INFO 13660 --- [TaskManagerAPI] [restartedMain] .s.d.r.c.RepositoryConfigurationDelegate : Finished Spring Data repository scanning in 83 ms. Found 2 JPA repository interfaces.
2024-06-25T14:39:33.979-04:00  INFO 13660 --- [TaskManagerAPI] [restartedMain] o.s.b.w.embedded.tomcat.TomcatWebServer  : Tomcat initialized with port 8080 (http)
2024-06-25T14:39:33.995-04:00  INFO 13660 --- [TaskManagerAPI] [restartedMain] o.apache.catalina.core.StandardService   : Starting service [Tomcat]
2024-06-25T14:39:33.995-04:00  INFO 13660 --- [TaskManagerAPI] [restartedMain] o.apache.catalina.core.StandardEngine    : Starting Servlet engine: [Apache Tomcat/10.1.25]
2024-06-25T14:39:34.098-04:00  INFO 13660 --- [TaskManagerAPI] [restartedMain] o.a.c.c.C.[Tomcat].[localhost].[/]       : Initializing Spring embedded WebApplicationContext
2024-06-25T14:39:34.099-04:00  INFO 13660 --- [TaskManagerAPI] [restartedMain] w.s.c.ServletWebServerApplicationContext : Root WebApplicationContext: initialization completed in 1977 ms
2024-06-25T14:39:34.275-04:00  INFO 13660 --- [TaskManagerAPI] [restartedMain] o.hibernate.jpa.internal.util.LogHelper  : HHH000204: Processing PersistenceUnitInfo [name: default]
2024-06-25T14:39:34.363-04:00  INFO 13660 --- [TaskManagerAPI] [restartedMain] org.hibernate.Version                    : HHH000412: Hibernate ORM core version 6.5.2.Final
2024-06-25T14:39:34.420-04:00  INFO 13660 --- [TaskManagerAPI] [restartedMain] o.h.c.internal.RegionFactoryInitiator    : HHH000026: Second-level cache disabled
2024-06-25T14:39:34.791-04:00  INFO 13660 --- [TaskManagerAPI] [restartedMain] o.s.o.j.p.SpringPersistenceUnitInfo      : No LoadTimeWeaver setup: ignoring JPA class transformer
2024-06-25T14:39:34.846-04:00  INFO 13660 --- [TaskManagerAPI] [restartedMain] com.zaxxer.hikari.HikariDataSource       : HikariPool-1 - Starting...
2024-06-25T14:39:35.186-04:00  INFO 13660 --- [TaskManagerAPI] [restartedMain] com.zaxxer.hikari.pool.HikariPool        : HikariPool-1 - Added connection com.mysql.cj.jdbc.ConnectionImpl@78c27ce6
2024-06-25T14:39:35.189-04:00  INFO 13660 --- [TaskManagerAPI] [restartedMain] com.zaxxer.hikari.HikariDataSource       : HikariPool-1 - Start completed.
2024-06-25T14:39:36.386-04:00  INFO 13660 --- [TaskManagerAPI] [restartedMain] o.h.e.t.j.p.i.JtaPlatformInitiator       : HHH000489: No JTA platform available (set 'hibernate.transaction.jta.platform' to enable JTA platform integration)
2024-06-25T14:39:36.512-04:00  INFO 13660 --- [TaskManagerAPI] [restartedMain] j.LocalContainerEntityManagerFactoryBean : Initialized JPA EntityManagerFactory for persistence unit 'default'
2024-06-25T14:39:36.953-04:00  WARN 13660 --- [TaskManagerAPI] [restartedMain] ConfigServletWebServerApplicationContext : Exception encountered during context initialization - cancelling refresh attempt: org.springframework.beans.factory.UnsatisfiedDependencyException: Error creating bean with name 'registrationController': Unsatisfied dependency expressed through field 'passwordEncoder': Error creating bean with name 'securityConfiguration' defined in file [C:\Users\SCOTT\Documents\STS_WORKSPACE_DARK\TaskManagerAPI\target\classes\com\taskmanager\security\SecurityConfiguration.class]: Failed to instantiate [com.taskmanager.security.SecurityConfiguration$$SpringCGLIB$$0]: Constructor threw exception
2024-06-25T14:39:36.954-04:00  INFO 13660 --- [TaskManagerAPI] [restartedMain] j.LocalContainerEntityManagerFactoryBean : Closing JPA EntityManagerFactory for persistence unit 'default'
2024-06-25T14:39:36.961-04:00  INFO 13660 --- [TaskManagerAPI] [restartedMain] com.zaxxer.hikari.HikariDataSource       : HikariPool-1 - Shutdown initiated...
2024-06-25T14:39:36.976-04:00  INFO 13660 --- [TaskManagerAPI] [restartedMain] com.zaxxer.hikari.HikariDataSource       : HikariPool-1 - Shutdown completed.
2024-06-25T14:39:36.980-04:00  INFO 13660 --- [TaskManagerAPI] [restartedMain] o.apache.catalina.core.StandardService   : Stopping service [Tomcat]
2024-06-25T14:39:36.996-04:00  INFO 13660 --- [TaskManagerAPI] [restartedMain] .s.b.a.l.ConditionEvaluationReportLogger : 

Error starting ApplicationContext. To display the condition evaluation report re-run your application with 'debug' enabled.
2024-06-25T14:39:37.023-04:00 ERROR 13660 --- [TaskManagerAPI] [restartedMain] o.s.boot.SpringApplication               : Application run failed

org.springframework.beans.factory.UnsatisfiedDependencyException: Error creating bean with name 'registrationController': Unsatisfied dependency expressed through field 'passwordEncoder': Error creating bean with name 'securityConfiguration' defined in file [C:\Users\SCOTT\Documents\STS_WORKSPACE_DARK\TaskManagerAPI\target\classes\com\taskmanager\security\SecurityConfiguration.class]: Failed to instantiate [com.taskmanager.security.SecurityConfiguration$$SpringCGLIB$$0]: Constructor threw exception
	at org.springframework.beans.factory.annotation.AutowiredAnnotationBeanPostProcessor$AutowiredFieldElement.resolveFieldValue(AutowiredAnnotationBeanPostProcessor.java:787) ~[spring-beans-6.1.10.jar:6.1.10]
	at org.springframework.beans.factory.annotation.AutowiredAnnotationBeanPostProcessor$AutowiredFieldElement.inject(AutowiredAnnotationBeanPostProcessor.java:767) ~[spring-beans-6.1.10.jar:6.1.10]
	at org.springframework.beans.factory.annotation.InjectionMetadata.inject(InjectionMetadata.java:145) ~[spring-beans-6.1.10.jar:6.1.10]
	at org.springframework.beans.factory.annotation.AutowiredAnnotationBeanPostProcessor.postProcessProperties(AutowiredAnnotationBeanPostProcessor.java:508) ~[spring-beans-6.1.10.jar:6.1.10]
	at org.springframework.beans.factory.support.AbstractAutowireCapableBeanFactory.populateBean(AbstractAutowireCapableBeanFactory.java:1421) ~[spring-beans-6.1.10.jar:6.1.10]
	at org.springframework.beans.factory.support.AbstractAutowireCapableBeanFactory.doCreateBean(AbstractAutowireCapableBeanFactory.java:599) ~[spring-beans-6.1.10.jar:6.1.10]
	at org.springframework.beans.factory.support.AbstractAutowireCapableBeanFactory.createBean(AbstractAutowireCapableBeanFactory.java:522) ~[spring-beans-6.1.10.jar:6.1.10]
	at org.springframework.beans.factory.support.AbstractBeanFactory.lambda$doGetBean$0(AbstractBeanFactory.java:337) ~[spring-beans-6.1.10.jar:6.1.10]
	at org.springframework.beans.factory.support.DefaultSingletonBeanRegistry.getSingleton(DefaultSingletonBeanRegistry.java:234) ~[spring-beans-6.1.10.jar:6.1.10]
	at org.springframework.beans.factory.support.AbstractBeanFactory.doGetBean(AbstractBeanFactory.java:335) ~[spring-beans-6.1.10.jar:6.1.10]
	at org.springframework.beans.factory.support.AbstractBeanFactory.getBean(AbstractBeanFactory.java:200) ~[spring-beans-6.1.10.jar:6.1.10]
	at org.springframework.beans.factory.support.DefaultListableBeanFactory.preInstantiateSingletons(DefaultListableBeanFactory.java:975) ~[spring-beans-6.1.10.jar:6.1.10]
	at org.springframework.context.support.AbstractApplicationContext.finishBeanFactoryInitialization(AbstractApplicationContext.java:962) ~[spring-context-6.1.10.jar:6.1.10]
	at org.springframework.context.support.AbstractApplicationContext.refresh(AbstractApplicationContext.java:624) ~[spring-context-6.1.10.jar:6.1.10]
	at org.springframework.boot.web.servlet.context.ServletWebServerApplicationContext.refresh(ServletWebServerApplicationContext.java:146) ~[spring-boot-3.3.1.jar:3.3.1]
	at org.springframework.boot.SpringApplication.refresh(SpringApplication.java:754) ~[spring-boot-3.3.1.jar:3.3.1]
	at org.springframework.boot.SpringApplication.refreshContext(SpringApplication.java:456) ~[spring-boot-3.3.1.jar:3.3.1]
	at org.springframework.boot.SpringApplication.run(SpringApplication.java:335) ~[spring-boot-3.3.1.jar:3.3.1]
	at org.springframework.boot.SpringApplication.run(SpringApplication.java:1363) ~[spring-boot-3.3.1.jar:3.3.1]
	at org.springframework.boot.SpringApplication.run(SpringApplication.java:1352) ~[spring-boot-3.3.1.jar:3.3.1]
	at com.taskmanager.TaskManagerApiApplication.main(TaskManagerApiApplication.java:10) ~[classes/:na]
	at java.base/jdk.internal.reflect.NativeMethodAccessorImpl.invoke0(Native Method) ~[na:na]
	at java.base/jdk.internal.reflect.NativeMethodAccessorImpl.invoke(NativeMethodAccessorImpl.java:77) ~[na:na]
	at java.base/jdk.internal.reflect.DelegatingMethodAccessorImpl.invoke(DelegatingMethodAccessorImpl.java:43) ~[na:na]
	at java.base/java.lang.reflect.Method.invoke(Method.java:568) ~[na:na]
	at org.springframework.boot.devtools.restart.RestartLauncher.run(RestartLauncher.java:50) ~[spring-boot-devtools-3.3.1.jar:3.3.1]
Caused by: org.springframework.beans.factory.BeanCreationException: Error creating bean with name 'securityConfiguration' defined in file [C:\Users\SCOTT\Documents\STS_WORKSPACE_DARK\TaskManagerAPI\target\classes\com\taskmanager\security\SecurityConfiguration.class]: Failed to instantiate [com.taskmanager.security.SecurityConfiguration$$SpringCGLIB$$0]: Constructor threw exception
	at org.springframework.beans.factory.support.AbstractAutowireCapableBeanFactory.instantiateBean(AbstractAutowireCapableBeanFactory.java:1319) ~[spring-beans-6.1.10.jar:6.1.10]
	at org.springframework.beans.factory.support.AbstractAutowireCapableBeanFactory.createBeanInstance(AbstractAutowireCapableBeanFactory.java:1204) ~[spring-beans-6.1.10.jar:6.1.10]
	at org.springframework.beans.factory.support.AbstractAutowireCapableBeanFactory.doCreateBean(AbstractAutowireCapableBeanFactory.java:562) ~[spring-beans-6.1.10.jar:6.1.10]
	at org.springframework.beans.factory.support.AbstractAutowireCapableBeanFactory.createBean(AbstractAutowireCapableBeanFactory.java:522) ~[spring-beans-6.1.10.jar:6.1.10]
	at org.springframework.beans.factory.support.AbstractBeanFactory.lambda$doGetBean$0(AbstractBeanFactory.java:337) ~[spring-beans-6.1.10.jar:6.1.10]
	at org.springframework.beans.factory.support.DefaultSingletonBeanRegistry.getSingleton(DefaultSingletonBeanRegistry.java:234) ~[spring-beans-6.1.10.jar:6.1.10]
	at org.springframework.beans.factory.support.AbstractBeanFactory.doGetBean(AbstractBeanFactory.java:335) ~[spring-beans-6.1.10.jar:6.1.10]
	at org.springframework.beans.factory.support.AbstractBeanFactory.getBean(AbstractBeanFactory.java:200) ~[spring-beans-6.1.10.jar:6.1.10]
	at org.springframework.beans.factory.support.ConstructorResolver.instantiateUsingFactoryMethod(ConstructorResolver.java:409) ~[spring-beans-6.1.10.jar:6.1.10]
	at org.springframework.beans.factory.support.AbstractAutowireCapableBeanFactory.instantiateUsingFactoryMethod(AbstractAutowireCapableBeanFactory.java:1337) ~[spring-beans-6.1.10.jar:6.1.10]
	at org.springframework.beans.factory.support.AbstractAutowireCapableBeanFactory.createBeanInstance(AbstractAutowireCapableBeanFactory.java:1167) ~[spring-beans-6.1.10.jar:6.1.10]
	at org.springframework.beans.factory.support.AbstractAutowireCapableBeanFactory.doCreateBean(AbstractAutowireCapableBeanFactory.java:562) ~[spring-beans-6.1.10.jar:6.1.10]
	at org.springframework.beans.factory.support.AbstractAutowireCapableBeanFactory.createBean(AbstractAutowireCapableBeanFactory.java:522) ~[spring-beans-6.1.10.jar:6.1.10]
	at org.springframework.beans.factory.support.AbstractBeanFactory.lambda$doGetBean$0(AbstractBeanFactory.java:337) ~[spring-beans-6.1.10.jar:6.1.10]
	at org.springframework.beans.factory.support.DefaultSingletonBeanRegistry.getSingleton(DefaultSingletonBeanRegistry.java:234) ~[spring-beans-6.1.10.jar:6.1.10]
	at org.springframework.beans.factory.support.AbstractBeanFactory.doGetBean(AbstractBeanFactory.java:335) ~[spring-beans-6.1.10.jar:6.1.10]
	at org.springframework.beans.factory.support.AbstractBeanFactory.getBean(AbstractBeanFactory.java:200) ~[spring-beans-6.1.10.jar:6.1.10]
	at org.springframework.beans.factory.config.DependencyDescriptor.resolveCandidate(DependencyDescriptor.java:254) ~[spring-beans-6.1.10.jar:6.1.10]
	at org.springframework.beans.factory.support.DefaultListableBeanFactory.doResolveDependency(DefaultListableBeanFactory.java:1443) ~[spring-beans-6.1.10.jar:6.1.10]
	at org.springframework.beans.factory.support.DefaultListableBeanFactory.resolveDependency(DefaultListableBeanFactory.java:1353) ~[spring-beans-6.1.10.jar:6.1.10]
	at org.springframework.beans.factory.annotation.AutowiredAnnotationBeanPostProcessor$AutowiredFieldElement.resolveFieldValue(AutowiredAnnotationBeanPostProcessor.java:784) ~[spring-beans-6.1.10.jar:6.1.10]
	... 25 common frames omitted
Caused by: org.springframework.beans.BeanInstantiationException: Failed to instantiate [com.taskmanager.security.SecurityConfiguration$$SpringCGLIB$$0]: Constructor threw exception
	at org.springframework.beans.BeanUtils.instantiateClass(BeanUtils.java:221) ~[spring-beans-6.1.10.jar:6.1.10]
	at org.springframework.beans.factory.support.SimpleInstantiationStrategy.instantiate(SimpleInstantiationStrategy.java:88) ~[spring-beans-6.1.10.jar:6.1.10]
	at org.springframework.beans.factory.support.AbstractAutowireCapableBeanFactory.instantiateBean(AbstractAutowireCapableBeanFactory.java:1313) ~[spring-beans-6.1.10.jar:6.1.10]
	... 45 common frames omitted
Caused by: java.lang.Error: Unresolved compilation problems: 
	Syntax error, insert ")" to complete MethodInvocation
	Syntax error, insert ";" to complete Statement
	Syntax error, insert "}" to complete Block
	Syntax error, insert ")" to complete MethodInvocation
	Syntax error, insert ";" to complete ReturnStatement
	Syntax error, insert "}" to complete MethodBody
	String literal is not properly closed by a double-quote

	at com.taskmanager.security.SecurityConfiguration.<init>(SecurityConfiguration.java:48) ~[classes/:na]
	at com.taskmanager.security.SecurityConfiguration$$SpringCGLIB$$0.<init>(<generated>) ~[classes/:na]
	at java.base/jdk.internal.reflect.NativeConstructorAccessorImpl.newInstance0(Native Method) ~[na:na]
	at java.base/jdk.internal.reflect.NativeConstructorAccessorImpl.newInstance(NativeConstructorAccessorImpl.java:77) ~[na:na]
	at java.base/jdk.internal.reflect.DelegatingConstructorAccessorImpl.newInstance(DelegatingConstructorAccessorImpl.java:45) ~[na:na]
	at java.base/java.lang.reflect.Constructor.newInstanceWithCaller(Constructor.java:499) ~[na:na]
	at java.base/java.lang.reflect.Constructor.newInstance(Constructor.java:480) ~[na:na]
	at org.springframework.beans.BeanUtils.instantiateClass(BeanUtils.java:195) ~[spring-beans-6.1.10.jar:6.1.10]
	... 47 common frames omitted

2024-06-25T14:43:15.300-04:00  INFO 1508 --- [TaskManagerAPI] [restartedMain] c.taskmanager.TaskManagerApiApplication  : Starting TaskManagerApiApplication using Java 17.0.10 with PID 1508 (C:\Users\SCOTT\Documents\STS_WORKSPACE_DARK\TaskManagerAPI\target\classes started by SCOTT in C:\Users\SCOTT\Documents\STS_WORKSPACE_DARK\TaskManagerAPI)
2024-06-25T14:43:15.303-04:00  INFO 1508 --- [TaskManagerAPI] [restartedMain] c.taskmanager.TaskManagerApiApplication  : No active profile set, falling back to 1 default profile: "default"
2024-06-25T14:43:15.372-04:00  INFO 1508 --- [TaskManagerAPI] [restartedMain] .e.DevToolsPropertyDefaultsPostProcessor : Devtools property defaults active! Set 'spring.devtools.add-properties' to 'false' to disable
2024-06-25T14:43:15.373-04:00  INFO 1508 --- [TaskManagerAPI] [restartedMain] .e.DevToolsPropertyDefaultsPostProcessor : For additional web related logging consider setting the 'logging.level.web' property to 'DEBUG'
2024-06-25T14:43:16.252-04:00  INFO 1508 --- [TaskManagerAPI] [restartedMain] .s.d.r.c.RepositoryConfigurationDelegate : Bootstrapping Spring Data JPA repositories in DEFAULT mode.
2024-06-25T14:43:16.333-04:00  INFO 1508 --- [TaskManagerAPI] [restartedMain] .s.d.r.c.RepositoryConfigurationDelegate : Finished Spring Data repository scanning in 70 ms. Found 2 JPA repository interfaces.
2024-06-25T14:43:17.022-04:00  INFO 1508 --- [TaskManagerAPI] [restartedMain] o.s.b.w.embedded.tomcat.TomcatWebServer  : Tomcat initialized with port 8080 (http)
2024-06-25T14:43:17.040-04:00  INFO 1508 --- [TaskManagerAPI] [restartedMain] o.apache.catalina.core.StandardService   : Starting service [Tomcat]
2024-06-25T14:43:17.041-04:00  INFO 1508 --- [TaskManagerAPI] [restartedMain] o.apache.catalina.core.StandardEngine    : Starting Servlet engine: [Apache Tomcat/10.1.25]
2024-06-25T14:43:17.131-04:00  INFO 1508 --- [TaskManagerAPI] [restartedMain] o.a.c.c.C.[Tomcat].[localhost].[/]       : Initializing Spring embedded WebApplicationContext
2024-06-25T14:43:17.132-04:00  INFO 1508 --- [TaskManagerAPI] [restartedMain] w.s.c.ServletWebServerApplicationContext : Root WebApplicationContext: initialization completed in 1758 ms
2024-06-25T14:43:17.287-04:00  INFO 1508 --- [TaskManagerAPI] [restartedMain] o.hibernate.jpa.internal.util.LogHelper  : HHH000204: Processing PersistenceUnitInfo [name: default]
2024-06-25T14:43:17.364-04:00  INFO 1508 --- [TaskManagerAPI] [restartedMain] org.hibernate.Version                    : HHH000412: Hibernate ORM core version 6.5.2.Final
2024-06-25T14:43:17.409-04:00  INFO 1508 --- [TaskManagerAPI] [restartedMain] o.h.c.internal.RegionFactoryInitiator    : HHH000026: Second-level cache disabled
2024-06-25T14:43:17.753-04:00  INFO 1508 --- [TaskManagerAPI] [restartedMain] o.s.o.j.p.SpringPersistenceUnitInfo      : No LoadTimeWeaver setup: ignoring JPA class transformer
2024-06-25T14:43:17.807-04:00  INFO 1508 --- [TaskManagerAPI] [restartedMain] com.zaxxer.hikari.HikariDataSource       : HikariPool-1 - Starting...
2024-06-25T14:43:18.143-04:00  INFO 1508 --- [TaskManagerAPI] [restartedMain] com.zaxxer.hikari.pool.HikariPool        : HikariPool-1 - Added connection com.mysql.cj.jdbc.ConnectionImpl@2e081e39
2024-06-25T14:43:18.146-04:00  INFO 1508 --- [TaskManagerAPI] [restartedMain] com.zaxxer.hikari.HikariDataSource       : HikariPool-1 - Start completed.
2024-06-25T14:43:19.245-04:00  INFO 1508 --- [TaskManagerAPI] [restartedMain] o.h.e.t.j.p.i.JtaPlatformInitiator       : HHH000489: No JTA platform available (set 'hibernate.transaction.jta.platform' to enable JTA platform integration)
2024-06-25T14:43:19.310-04:00  INFO 1508 --- [TaskManagerAPI] [restartedMain] j.LocalContainerEntityManagerFactoryBean : Initialized JPA EntityManagerFactory for persistence unit 'default'
2024-06-25T14:43:19.669-04:00  WARN 1508 --- [TaskManagerAPI] [restartedMain] ConfigServletWebServerApplicationContext : Exception encountered during context initialization - cancelling refresh attempt: org.springframework.beans.factory.UnsatisfiedDependencyException: Error creating bean with name 'registrationController': Unsatisfied dependency expressed through field 'passwordEncoder': Error creating bean with name 'securityConfiguration' defined in file [C:\Users\SCOTT\Documents\STS_WORKSPACE_DARK\TaskManagerAPI\target\classes\com\taskmanager\security\SecurityConfiguration.class]: Failed to instantiate [com.taskmanager.security.SecurityConfiguration$$SpringCGLIB$$0]: Constructor threw exception
2024-06-25T14:43:19.670-04:00  INFO 1508 --- [TaskManagerAPI] [restartedMain] j.LocalContainerEntityManagerFactoryBean : Closing JPA EntityManagerFactory for persistence unit 'default'
2024-06-25T14:43:19.676-04:00  INFO 1508 --- [TaskManagerAPI] [restartedMain] com.zaxxer.hikari.HikariDataSource       : HikariPool-1 - Shutdown initiated...
2024-06-25T14:43:19.690-04:00  INFO 1508 --- [TaskManagerAPI] [restartedMain] com.zaxxer.hikari.HikariDataSource       : HikariPool-1 - Shutdown completed.
2024-06-25T14:43:19.693-04:00  INFO 1508 --- [TaskManagerAPI] [restartedMain] o.apache.catalina.core.StandardService   : Stopping service [Tomcat]
2024-06-25T14:43:19.706-04:00  INFO 1508 --- [TaskManagerAPI] [restartedMain] .s.b.a.l.ConditionEvaluationReportLogger : 

Error starting ApplicationContext. To display the condition evaluation report re-run your application with 'debug' enabled.
2024-06-25T14:43:19.733-04:00 ERROR 1508 --- [TaskManagerAPI] [restartedMain] o.s.boot.SpringApplication               : Application run failed

org.springframework.beans.factory.UnsatisfiedDependencyException: Error creating bean with name 'registrationController': Unsatisfied dependency expressed through field 'passwordEncoder': Error creating bean with name 'securityConfiguration' defined in file [C:\Users\SCOTT\Documents\STS_WORKSPACE_DARK\TaskManagerAPI\target\classes\com\taskmanager\security\SecurityConfiguration.class]: Failed to instantiate [com.taskmanager.security.SecurityConfiguration$$SpringCGLIB$$0]: Constructor threw exception
	at org.springframework.beans.factory.annotation.AutowiredAnnotationBeanPostProcessor$AutowiredFieldElement.resolveFieldValue(AutowiredAnnotationBeanPostProcessor.java:787) ~[spring-beans-6.1.10.jar:6.1.10]
	at org.springframework.beans.factory.annotation.AutowiredAnnotationBeanPostProcessor$AutowiredFieldElement.inject(AutowiredAnnotationBeanPostProcessor.java:767) ~[spring-beans-6.1.10.jar:6.1.10]
	at org.springframework.beans.factory.annotation.InjectionMetadata.inject(InjectionMetadata.java:145) ~[spring-beans-6.1.10.jar:6.1.10]
	at org.springframework.beans.factory.annotation.AutowiredAnnotationBeanPostProcessor.postProcessProperties(AutowiredAnnotationBeanPostProcessor.java:508) ~[spring-beans-6.1.10.jar:6.1.10]
	at org.springframework.beans.factory.support.AbstractAutowireCapableBeanFactory.populateBean(AbstractAutowireCapableBeanFactory.java:1421) ~[spring-beans-6.1.10.jar:6.1.10]
	at org.springframework.beans.factory.support.AbstractAutowireCapableBeanFactory.doCreateBean(AbstractAutowireCapableBeanFactory.java:599) ~[spring-beans-6.1.10.jar:6.1.10]
	at org.springframework.beans.factory.support.AbstractAutowireCapableBeanFactory.createBean(AbstractAutowireCapableBeanFactory.java:522) ~[spring-beans-6.1.10.jar:6.1.10]
	at org.springframework.beans.factory.support.AbstractBeanFactory.lambda$doGetBean$0(AbstractBeanFactory.java:337) ~[spring-beans-6.1.10.jar:6.1.10]
	at org.springframework.beans.factory.support.DefaultSingletonBeanRegistry.getSingleton(DefaultSingletonBeanRegistry.java:234) ~[spring-beans-6.1.10.jar:6.1.10]
	at org.springframework.beans.factory.support.AbstractBeanFactory.doGetBean(AbstractBeanFactory.java:335) ~[spring-beans-6.1.10.jar:6.1.10]
	at org.springframework.beans.factory.support.AbstractBeanFactory.getBean(AbstractBeanFactory.java:200) ~[spring-beans-6.1.10.jar:6.1.10]
	at org.springframework.beans.factory.support.DefaultListableBeanFactory.preInstantiateSingletons(DefaultListableBeanFactory.java:975) ~[spring-beans-6.1.10.jar:6.1.10]
	at org.springframework.context.support.AbstractApplicationContext.finishBeanFactoryInitialization(AbstractApplicationContext.java:962) ~[spring-context-6.1.10.jar:6.1.10]
	at org.springframework.context.support.AbstractApplicationContext.refresh(AbstractApplicationContext.java:624) ~[spring-context-6.1.10.jar:6.1.10]
	at org.springframework.boot.web.servlet.context.ServletWebServerApplicationContext.refresh(ServletWebServerApplicationContext.java:146) ~[spring-boot-3.3.1.jar:3.3.1]
	at org.springframework.boot.SpringApplication.refresh(SpringApplication.java:754) ~[spring-boot-3.3.1.jar:3.3.1]
	at org.springframework.boot.SpringApplication.refreshContext(SpringApplication.java:456) ~[spring-boot-3.3.1.jar:3.3.1]
	at org.springframework.boot.SpringApplication.run(SpringApplication.java:335) ~[spring-boot-3.3.1.jar:3.3.1]
	at org.springframework.boot.SpringApplication.run(SpringApplication.java:1363) ~[spring-boot-3.3.1.jar:3.3.1]
	at org.springframework.boot.SpringApplication.run(SpringApplication.java:1352) ~[spring-boot-3.3.1.jar:3.3.1]
	at com.taskmanager.TaskManagerApiApplication.main(TaskManagerApiApplication.java:10) ~[classes/:na]
	at java.base/jdk.internal.reflect.NativeMethodAccessorImpl.invoke0(Native Method) ~[na:na]
	at java.base/jdk.internal.reflect.NativeMethodAccessorImpl.invoke(NativeMethodAccessorImpl.java:77) ~[na:na]
	at java.base/jdk.internal.reflect.DelegatingMethodAccessorImpl.invoke(DelegatingMethodAccessorImpl.java:43) ~[na:na]
	at java.base/java.lang.reflect.Method.invoke(Method.java:568) ~[na:na]
	at org.springframework.boot.devtools.restart.RestartLauncher.run(RestartLauncher.java:50) ~[spring-boot-devtools-3.3.1.jar:3.3.1]
Caused by: org.springframework.beans.factory.BeanCreationException: Error creating bean with name 'securityConfiguration' defined in file [C:\Users\SCOTT\Documents\STS_WORKSPACE_DARK\TaskManagerAPI\target\classes\com\taskmanager\security\SecurityConfiguration.class]: Failed to instantiate [com.taskmanager.security.SecurityConfiguration$$SpringCGLIB$$0]: Constructor threw exception
	at org.springframework.beans.factory.support.AbstractAutowireCapableBeanFactory.instantiateBean(AbstractAutowireCapableBeanFactory.java:1319) ~[spring-beans-6.1.10.jar:6.1.10]
	at org.springframework.beans.factory.support.AbstractAutowireCapableBeanFactory.createBeanInstance(AbstractAutowireCapableBeanFactory.java:1204) ~[spring-beans-6.1.10.jar:6.1.10]
	at org.springframework.beans.factory.support.AbstractAutowireCapableBeanFactory.doCreateBean(AbstractAutowireCapableBeanFactory.java:562) ~[spring-beans-6.1.10.jar:6.1.10]
	at org.springframework.beans.factory.support.AbstractAutowireCapableBeanFactory.createBean(AbstractAutowireCapableBeanFactory.java:522) ~[spring-beans-6.1.10.jar:6.1.10]
	at org.springframework.beans.factory.support.AbstractBeanFactory.lambda$doGetBean$0(AbstractBeanFactory.java:337) ~[spring-beans-6.1.10.jar:6.1.10]
	at org.springframework.beans.factory.support.DefaultSingletonBeanRegistry.getSingleton(DefaultSingletonBeanRegistry.java:234) ~[spring-beans-6.1.10.jar:6.1.10]
	at org.springframework.beans.factory.support.AbstractBeanFactory.doGetBean(AbstractBeanFactory.java:335) ~[spring-beans-6.1.10.jar:6.1.10]
	at org.springframework.beans.factory.support.AbstractBeanFactory.getBean(AbstractBeanFactory.java:200) ~[spring-beans-6.1.10.jar:6.1.10]
	at org.springframework.beans.factory.support.ConstructorResolver.instantiateUsingFactoryMethod(ConstructorResolver.java:409) ~[spring-beans-6.1.10.jar:6.1.10]
	at org.springframework.beans.factory.support.AbstractAutowireCapableBeanFactory.instantiateUsingFactoryMethod(AbstractAutowireCapableBeanFactory.java:1337) ~[spring-beans-6.1.10.jar:6.1.10]
	at org.springframework.beans.factory.support.AbstractAutowireCapableBeanFactory.createBeanInstance(AbstractAutowireCapableBeanFactory.java:1167) ~[spring-beans-6.1.10.jar:6.1.10]
	at org.springframework.beans.factory.support.AbstractAutowireCapableBeanFactory.doCreateBean(AbstractAutowireCapableBeanFactory.java:562) ~[spring-beans-6.1.10.jar:6.1.10]
	at org.springframework.beans.factory.support.AbstractAutowireCapableBeanFactory.createBean(AbstractAutowireCapableBeanFactory.java:522) ~[spring-beans-6.1.10.jar:6.1.10]
	at org.springframework.beans.factory.support.AbstractBeanFactory.lambda$doGetBean$0(AbstractBeanFactory.java:337) ~[spring-beans-6.1.10.jar:6.1.10]
	at org.springframework.beans.factory.support.DefaultSingletonBeanRegistry.getSingleton(DefaultSingletonBeanRegistry.java:234) ~[spring-beans-6.1.10.jar:6.1.10]
	at org.springframework.beans.factory.support.AbstractBeanFactory.doGetBean(AbstractBeanFactory.java:335) ~[spring-beans-6.1.10.jar:6.1.10]
	at org.springframework.beans.factory.support.AbstractBeanFactory.getBean(AbstractBeanFactory.java:200) ~[spring-beans-6.1.10.jar:6.1.10]
	at org.springframework.beans.factory.config.DependencyDescriptor.resolveCandidate(DependencyDescriptor.java:254) ~[spring-beans-6.1.10.jar:6.1.10]
	at org.springframework.beans.factory.support.DefaultListableBeanFactory.doResolveDependency(DefaultListableBeanFactory.java:1443) ~[spring-beans-6.1.10.jar:6.1.10]
	at org.springframework.beans.factory.support.DefaultListableBeanFactory.resolveDependency(DefaultListableBeanFactory.java:1353) ~[spring-beans-6.1.10.jar:6.1.10]
	at org.springframework.beans.factory.annotation.AutowiredAnnotationBeanPostProcessor$AutowiredFieldElement.resolveFieldValue(AutowiredAnnotationBeanPostProcessor.java:784) ~[spring-beans-6.1.10.jar:6.1.10]
	... 25 common frames omitted
Caused by: org.springframework.beans.BeanInstantiationException: Failed to instantiate [com.taskmanager.security.SecurityConfiguration$$SpringCGLIB$$0]: Constructor threw exception
	at org.springframework.beans.BeanUtils.instantiateClass(BeanUtils.java:221) ~[spring-beans-6.1.10.jar:6.1.10]
	at org.springframework.beans.factory.support.SimpleInstantiationStrategy.instantiate(SimpleInstantiationStrategy.java:88) ~[spring-beans-6.1.10.jar:6.1.10]
	at org.springframework.beans.factory.support.AbstractAutowireCapableBeanFactory.instantiateBean(AbstractAutowireCapableBeanFactory.java:1313) ~[spring-beans-6.1.10.jar:6.1.10]
	... 45 common frames omitted
Caused by: java.lang.Error: Unresolved compilation problems: 
	Syntax error, insert ")" to complete MethodInvocation
	Syntax error, insert ";" to complete Statement
	Syntax error, insert "}" to complete Block
	Syntax error, insert ")" to complete MethodInvocation
	Syntax error, insert ";" to complete ReturnStatement
	Syntax error, insert "}" to complete MethodBody
	String literal is not properly closed by a double-quote

	at com.taskmanager.security.SecurityConfiguration.<init>(SecurityConfiguration.java:48) ~[classes/:na]
	at com.taskmanager.security.SecurityConfiguration$$SpringCGLIB$$0.<init>(<generated>) ~[classes/:na]
	at java.base/jdk.internal.reflect.NativeConstructorAccessorImpl.newInstance0(Native Method) ~[na:na]
	at java.base/jdk.internal.reflect.NativeConstructorAccessorImpl.newInstance(NativeConstructorAccessorImpl.java:77) ~[na:na]
	at java.base/jdk.internal.reflect.DelegatingConstructorAccessorImpl.newInstance(DelegatingConstructorAccessorImpl.java:45) ~[na:na]
	at java.base/java.lang.reflect.Constructor.newInstanceWithCaller(Constructor.java:499) ~[na:na]
	at java.base/java.lang.reflect.Constructor.newInstance(Constructor.java:480) ~[na:na]
	at org.springframework.beans.BeanUtils.instantiateClass(BeanUtils.java:195) ~[spring-beans-6.1.10.jar:6.1.10]
	... 47 common frames omitted

2024-06-25T14:46:16.261-04:00  INFO 10560 --- [TaskManagerAPI] [restartedMain] c.taskmanager.TaskManagerApiApplication  : Starting TaskManagerApiApplication using Java 17.0.10 with PID 10560 (C:\Users\SCOTT\Documents\STS_WORKSPACE_DARK\TaskManagerAPI\target\classes started by SCOTT in C:\Users\SCOTT\Documents\STS_WORKSPACE_DARK\TaskManagerAPI)
2024-06-25T14:46:16.264-04:00  INFO 10560 --- [TaskManagerAPI] [restartedMain] c.taskmanager.TaskManagerApiApplication  : No active profile set, falling back to 1 default profile: "default"
2024-06-25T14:46:16.331-04:00  INFO 10560 --- [TaskManagerAPI] [restartedMain] .e.DevToolsPropertyDefaultsPostProcessor : Devtools property defaults active! Set 'spring.devtools.add-properties' to 'false' to disable
2024-06-25T14:46:16.332-04:00  INFO 10560 --- [TaskManagerAPI] [restartedMain] .e.DevToolsPropertyDefaultsPostProcessor : For additional web related logging consider setting the 'logging.level.web' property to 'DEBUG'
2024-06-25T14:46:17.196-04:00  INFO 10560 --- [TaskManagerAPI] [restartedMain] .s.d.r.c.RepositoryConfigurationDelegate : Bootstrapping Spring Data JPA repositories in DEFAULT mode.
2024-06-25T14:46:17.279-04:00  INFO 10560 --- [TaskManagerAPI] [restartedMain] .s.d.r.c.RepositoryConfigurationDelegate : Finished Spring Data repository scanning in 71 ms. Found 2 JPA repository interfaces.
2024-06-25T14:46:17.957-04:00  INFO 10560 --- [TaskManagerAPI] [restartedMain] o.s.b.w.embedded.tomcat.TomcatWebServer  : Tomcat initialized with port 8080 (http)
2024-06-25T14:46:17.973-04:00  INFO 10560 --- [TaskManagerAPI] [restartedMain] o.apache.catalina.core.StandardService   : Starting service [Tomcat]
2024-06-25T14:46:17.973-04:00  INFO 10560 --- [TaskManagerAPI] [restartedMain] o.apache.catalina.core.StandardEngine    : Starting Servlet engine: [Apache Tomcat/10.1.25]
2024-06-25T14:46:18.061-04:00  INFO 10560 --- [TaskManagerAPI] [restartedMain] o.a.c.c.C.[Tomcat].[localhost].[/]       : Initializing Spring embedded WebApplicationContext
2024-06-25T14:46:18.062-04:00  INFO 10560 --- [TaskManagerAPI] [restartedMain] w.s.c.ServletWebServerApplicationContext : Root WebApplicationContext: initialization completed in 1728 ms
2024-06-25T14:46:18.215-04:00  INFO 10560 --- [TaskManagerAPI] [restartedMain] o.hibernate.jpa.internal.util.LogHelper  : HHH000204: Processing PersistenceUnitInfo [name: default]
2024-06-25T14:46:18.293-04:00  INFO 10560 --- [TaskManagerAPI] [restartedMain] org.hibernate.Version                    : HHH000412: Hibernate ORM core version 6.5.2.Final
2024-06-25T14:46:18.353-04:00  INFO 10560 --- [TaskManagerAPI] [restartedMain] o.h.c.internal.RegionFactoryInitiator    : HHH000026: Second-level cache disabled
2024-06-25T14:46:18.696-04:00  INFO 10560 --- [TaskManagerAPI] [restartedMain] o.s.o.j.p.SpringPersistenceUnitInfo      : No LoadTimeWeaver setup: ignoring JPA class transformer
2024-06-25T14:46:18.744-04:00  INFO 10560 --- [TaskManagerAPI] [restartedMain] com.zaxxer.hikari.HikariDataSource       : HikariPool-1 - Starting...
2024-06-25T14:46:19.071-04:00  INFO 10560 --- [TaskManagerAPI] [restartedMain] com.zaxxer.hikari.pool.HikariPool        : HikariPool-1 - Added connection com.mysql.cj.jdbc.ConnectionImpl@75e33cdd
2024-06-25T14:46:19.074-04:00  INFO 10560 --- [TaskManagerAPI] [restartedMain] com.zaxxer.hikari.HikariDataSource       : HikariPool-1 - Start completed.
2024-06-25T14:46:20.171-04:00  INFO 10560 --- [TaskManagerAPI] [restartedMain] o.h.e.t.j.p.i.JtaPlatformInitiator       : HHH000489: No JTA platform available (set 'hibernate.transaction.jta.platform' to enable JTA platform integration)
2024-06-25T14:46:20.230-04:00  INFO 10560 --- [TaskManagerAPI] [restartedMain] j.LocalContainerEntityManagerFactoryBean : Initialized JPA EntityManagerFactory for persistence unit 'default'
2024-06-25T14:46:20.586-04:00  WARN 10560 --- [TaskManagerAPI] [restartedMain] ConfigServletWebServerApplicationContext : Exception encountered during context initialization - cancelling refresh attempt: org.springframework.beans.factory.UnsatisfiedDependencyException: Error creating bean with name 'registrationController': Unsatisfied dependency expressed through field 'passwordEncoder': Error creating bean with name 'securityConfiguration' defined in file [C:\Users\SCOTT\Documents\STS_WORKSPACE_DARK\TaskManagerAPI\target\classes\com\taskmanager\security\SecurityConfiguration.class]: Failed to instantiate [com.taskmanager.security.SecurityConfiguration$$SpringCGLIB$$0]: Constructor threw exception
2024-06-25T14:46:20.587-04:00  INFO 10560 --- [TaskManagerAPI] [restartedMain] j.LocalContainerEntityManagerFactoryBean : Closing JPA EntityManagerFactory for persistence unit 'default'
2024-06-25T14:46:20.592-04:00  INFO 10560 --- [TaskManagerAPI] [restartedMain] com.zaxxer.hikari.HikariDataSource       : HikariPool-1 - Shutdown initiated...
2024-06-25T14:46:20.607-04:00  INFO 10560 --- [TaskManagerAPI] [restartedMain] com.zaxxer.hikari.HikariDataSource       : HikariPool-1 - Shutdown completed.
2024-06-25T14:46:20.610-04:00  INFO 10560 --- [TaskManagerAPI] [restartedMain] o.apache.catalina.core.StandardService   : Stopping service [Tomcat]
2024-06-25T14:46:20.624-04:00  INFO 10560 --- [TaskManagerAPI] [restartedMain] .s.b.a.l.ConditionEvaluationReportLogger : 

Error starting ApplicationContext. To display the condition evaluation report re-run your application with 'debug' enabled.
2024-06-25T14:46:20.651-04:00 ERROR 10560 --- [TaskManagerAPI] [restartedMain] o.s.boot.SpringApplication               : Application run failed

org.springframework.beans.factory.UnsatisfiedDependencyException: Error creating bean with name 'registrationController': Unsatisfied dependency expressed through field 'passwordEncoder': Error creating bean with name 'securityConfiguration' defined in file [C:\Users\SCOTT\Documents\STS_WORKSPACE_DARK\TaskManagerAPI\target\classes\com\taskmanager\security\SecurityConfiguration.class]: Failed to instantiate [com.taskmanager.security.SecurityConfiguration$$SpringCGLIB$$0]: Constructor threw exception
	at org.springframework.beans.factory.annotation.AutowiredAnnotationBeanPostProcessor$AutowiredFieldElement.resolveFieldValue(AutowiredAnnotationBeanPostProcessor.java:787) ~[spring-beans-6.1.10.jar:6.1.10]
	at org.springframework.beans.factory.annotation.AutowiredAnnotationBeanPostProcessor$AutowiredFieldElement.inject(AutowiredAnnotationBeanPostProcessor.java:767) ~[spring-beans-6.1.10.jar:6.1.10]
	at org.springframework.beans.factory.annotation.InjectionMetadata.inject(InjectionMetadata.java:145) ~[spring-beans-6.1.10.jar:6.1.10]
	at org.springframework.beans.factory.annotation.AutowiredAnnotationBeanPostProcessor.postProcessProperties(AutowiredAnnotationBeanPostProcessor.java:508) ~[spring-beans-6.1.10.jar:6.1.10]
	at org.springframework.beans.factory.support.AbstractAutowireCapableBeanFactory.populateBean(AbstractAutowireCapableBeanFactory.java:1421) ~[spring-beans-6.1.10.jar:6.1.10]
	at org.springframework.beans.factory.support.AbstractAutowireCapableBeanFactory.doCreateBean(AbstractAutowireCapableBeanFactory.java:599) ~[spring-beans-6.1.10.jar:6.1.10]
	at org.springframework.beans.factory.support.AbstractAutowireCapableBeanFactory.createBean(AbstractAutowireCapableBeanFactory.java:522) ~[spring-beans-6.1.10.jar:6.1.10]
	at org.springframework.beans.factory.support.AbstractBeanFactory.lambda$doGetBean$0(AbstractBeanFactory.java:337) ~[spring-beans-6.1.10.jar:6.1.10]
	at org.springframework.beans.factory.support.DefaultSingletonBeanRegistry.getSingleton(DefaultSingletonBeanRegistry.java:234) ~[spring-beans-6.1.10.jar:6.1.10]
	at org.springframework.beans.factory.support.AbstractBeanFactory.doGetBean(AbstractBeanFactory.java:335) ~[spring-beans-6.1.10.jar:6.1.10]
	at org.springframework.beans.factory.support.AbstractBeanFactory.getBean(AbstractBeanFactory.java:200) ~[spring-beans-6.1.10.jar:6.1.10]
	at org.springframework.beans.factory.support.DefaultListableBeanFactory.preInstantiateSingletons(DefaultListableBeanFactory.java:975) ~[spring-beans-6.1.10.jar:6.1.10]
	at org.springframework.context.support.AbstractApplicationContext.finishBeanFactoryInitialization(AbstractApplicationContext.java:962) ~[spring-context-6.1.10.jar:6.1.10]
	at org.springframework.context.support.AbstractApplicationContext.refresh(AbstractApplicationContext.java:624) ~[spring-context-6.1.10.jar:6.1.10]
	at org.springframework.boot.web.servlet.context.ServletWebServerApplicationContext.refresh(ServletWebServerApplicationContext.java:146) ~[spring-boot-3.3.1.jar:3.3.1]
	at org.springframework.boot.SpringApplication.refresh(SpringApplication.java:754) ~[spring-boot-3.3.1.jar:3.3.1]
	at org.springframework.boot.SpringApplication.refreshContext(SpringApplication.java:456) ~[spring-boot-3.3.1.jar:3.3.1]
	at org.springframework.boot.SpringApplication.run(SpringApplication.java:335) ~[spring-boot-3.3.1.jar:3.3.1]
	at org.springframework.boot.SpringApplication.run(SpringApplication.java:1363) ~[spring-boot-3.3.1.jar:3.3.1]
	at org.springframework.boot.SpringApplication.run(SpringApplication.java:1352) ~[spring-boot-3.3.1.jar:3.3.1]
	at com.taskmanager.TaskManagerApiApplication.main(TaskManagerApiApplication.java:10) ~[classes/:na]
	at java.base/jdk.internal.reflect.NativeMethodAccessorImpl.invoke0(Native Method) ~[na:na]
	at java.base/jdk.internal.reflect.NativeMethodAccessorImpl.invoke(NativeMethodAccessorImpl.java:77) ~[na:na]
	at java.base/jdk.internal.reflect.DelegatingMethodAccessorImpl.invoke(DelegatingMethodAccessorImpl.java:43) ~[na:na]
	at java.base/java.lang.reflect.Method.invoke(Method.java:568) ~[na:na]
	at org.springframework.boot.devtools.restart.RestartLauncher.run(RestartLauncher.java:50) ~[spring-boot-devtools-3.3.1.jar:3.3.1]
Caused by: org.springframework.beans.factory.BeanCreationException: Error creating bean with name 'securityConfiguration' defined in file [C:\Users\SCOTT\Documents\STS_WORKSPACE_DARK\TaskManagerAPI\target\classes\com\taskmanager\security\SecurityConfiguration.class]: Failed to instantiate [com.taskmanager.security.SecurityConfiguration$$SpringCGLIB$$0]: Constructor threw exception
	at org.springframework.beans.factory.support.AbstractAutowireCapableBeanFactory.instantiateBean(AbstractAutowireCapableBeanFactory.java:1319) ~[spring-beans-6.1.10.jar:6.1.10]
	at org.springframework.beans.factory.support.AbstractAutowireCapableBeanFactory.createBeanInstance(AbstractAutowireCapableBeanFactory.java:1204) ~[spring-beans-6.1.10.jar:6.1.10]
	at org.springframework.beans.factory.support.AbstractAutowireCapableBeanFactory.doCreateBean(AbstractAutowireCapableBeanFactory.java:562) ~[spring-beans-6.1.10.jar:6.1.10]
	at org.springframework.beans.factory.support.AbstractAutowireCapableBeanFactory.createBean(AbstractAutowireCapableBeanFactory.java:522) ~[spring-beans-6.1.10.jar:6.1.10]
	at org.springframework.beans.factory.support.AbstractBeanFactory.lambda$doGetBean$0(AbstractBeanFactory.java:337) ~[spring-beans-6.1.10.jar:6.1.10]
	at org.springframework.beans.factory.support.DefaultSingletonBeanRegistry.getSingleton(DefaultSingletonBeanRegistry.java:234) ~[spring-beans-6.1.10.jar:6.1.10]
	at org.springframework.beans.factory.support.AbstractBeanFactory.doGetBean(AbstractBeanFactory.java:335) ~[spring-beans-6.1.10.jar:6.1.10]
	at org.springframework.beans.factory.support.AbstractBeanFactory.getBean(AbstractBeanFactory.java:200) ~[spring-beans-6.1.10.jar:6.1.10]
	at org.springframework.beans.factory.support.ConstructorResolver.instantiateUsingFactoryMethod(ConstructorResolver.java:409) ~[spring-beans-6.1.10.jar:6.1.10]
	at org.springframework.beans.factory.support.AbstractAutowireCapableBeanFactory.instantiateUsingFactoryMethod(AbstractAutowireCapableBeanFactory.java:1337) ~[spring-beans-6.1.10.jar:6.1.10]
	at org.springframework.beans.factory.support.AbstractAutowireCapableBeanFactory.createBeanInstance(AbstractAutowireCapableBeanFactory.java:1167) ~[spring-beans-6.1.10.jar:6.1.10]
	at org.springframework.beans.factory.support.AbstractAutowireCapableBeanFactory.doCreateBean(AbstractAutowireCapableBeanFactory.java:562) ~[spring-beans-6.1.10.jar:6.1.10]
	at org.springframework.beans.factory.support.AbstractAutowireCapableBeanFactory.createBean(AbstractAutowireCapableBeanFactory.java:522) ~[spring-beans-6.1.10.jar:6.1.10]
	at org.springframework.beans.factory.support.AbstractBeanFactory.lambda$doGetBean$0(AbstractBeanFactory.java:337) ~[spring-beans-6.1.10.jar:6.1.10]
	at org.springframework.beans.factory.support.DefaultSingletonBeanRegistry.getSingleton(DefaultSingletonBeanRegistry.java:234) ~[spring-beans-6.1.10.jar:6.1.10]
	at org.springframework.beans.factory.support.AbstractBeanFactory.doGetBean(AbstractBeanFactory.java:335) ~[spring-beans-6.1.10.jar:6.1.10]
	at org.springframework.beans.factory.support.AbstractBeanFactory.getBean(AbstractBeanFactory.java:200) ~[spring-beans-6.1.10.jar:6.1.10]
	at org.springframework.beans.factory.config.DependencyDescriptor.resolveCandidate(DependencyDescriptor.java:254) ~[spring-beans-6.1.10.jar:6.1.10]
	at org.springframework.beans.factory.support.DefaultListableBeanFactory.doResolveDependency(DefaultListableBeanFactory.java:1443) ~[spring-beans-6.1.10.jar:6.1.10]
	at org.springframework.beans.factory.support.DefaultListableBeanFactory.resolveDependency(DefaultListableBeanFactory.java:1353) ~[spring-beans-6.1.10.jar:6.1.10]
	at org.springframework.beans.factory.annotation.AutowiredAnnotationBeanPostProcessor$AutowiredFieldElement.resolveFieldValue(AutowiredAnnotationBeanPostProcessor.java:784) ~[spring-beans-6.1.10.jar:6.1.10]
	... 25 common frames omitted
Caused by: org.springframework.beans.BeanInstantiationException: Failed to instantiate [com.taskmanager.security.SecurityConfiguration$$SpringCGLIB$$0]: Constructor threw exception
	at org.springframework.beans.BeanUtils.instantiateClass(BeanUtils.java:221) ~[spring-beans-6.1.10.jar:6.1.10]
	at org.springframework.beans.factory.support.SimpleInstantiationStrategy.instantiate(SimpleInstantiationStrategy.java:88) ~[spring-beans-6.1.10.jar:6.1.10]
	at org.springframework.beans.factory.support.AbstractAutowireCapableBeanFactory.instantiateBean(AbstractAutowireCapableBeanFactory.java:1313) ~[spring-beans-6.1.10.jar:6.1.10]
	... 45 common frames omitted
Caused by: java.lang.Error: Unresolved compilation problems: 
	Syntax error, insert ")" to complete MethodInvocation
	Syntax error, insert ";" to complete Statement
	Syntax error, insert "}" to complete Block
	Syntax error, insert ")" to complete MethodInvocation
	Syntax error, insert ";" to complete ReturnStatement
	Syntax error, insert "}" to complete MethodBody
	String literal is not properly closed by a double-quote

	at com.taskmanager.security.SecurityConfiguration.<init>(SecurityConfiguration.java:48) ~[classes/:na]
	at com.taskmanager.security.SecurityConfiguration$$SpringCGLIB$$0.<init>(<generated>) ~[classes/:na]
	at java.base/jdk.internal.reflect.NativeConstructorAccessorImpl.newInstance0(Native Method) ~[na:na]
	at java.base/jdk.internal.reflect.NativeConstructorAccessorImpl.newInstance(NativeConstructorAccessorImpl.java:77) ~[na:na]
	at java.base/jdk.internal.reflect.DelegatingConstructorAccessorImpl.newInstance(DelegatingConstructorAccessorImpl.java:45) ~[na:na]
	at java.base/java.lang.reflect.Constructor.newInstanceWithCaller(Constructor.java:499) ~[na:na]
	at java.base/java.lang.reflect.Constructor.newInstance(Constructor.java:480) ~[na:na]
	at org.springframework.beans.BeanUtils.instantiateClass(BeanUtils.java:195) ~[spring-beans-6.1.10.jar:6.1.10]
	... 47 common frames omitted

2024-06-25T14:47:17.565-04:00  INFO 13256 --- [TaskManagerAPI] [restartedMain] c.taskmanager.TaskManagerApiApplication  : Starting TaskManagerApiApplication using Java 17.0.10 with PID 13256 (C:\Users\SCOTT\Documents\STS_WORKSPACE_DARK\TaskManagerAPI\target\classes started by SCOTT in C:\Users\SCOTT\Documents\STS_WORKSPACE_DARK\TaskManagerAPI)
2024-06-25T14:47:17.568-04:00  INFO 13256 --- [TaskManagerAPI] [restartedMain] c.taskmanager.TaskManagerApiApplication  : No active profile set, falling back to 1 default profile: "default"
2024-06-25T14:47:17.634-04:00  INFO 13256 --- [TaskManagerAPI] [restartedMain] .e.DevToolsPropertyDefaultsPostProcessor : Devtools property defaults active! Set 'spring.devtools.add-properties' to 'false' to disable
2024-06-25T14:47:17.634-04:00  INFO 13256 --- [TaskManagerAPI] [restartedMain] .e.DevToolsPropertyDefaultsPostProcessor : For additional web related logging consider setting the 'logging.level.web' property to 'DEBUG'
2024-06-25T14:47:18.503-04:00  INFO 13256 --- [TaskManagerAPI] [restartedMain] .s.d.r.c.RepositoryConfigurationDelegate : Bootstrapping Spring Data JPA repositories in DEFAULT mode.
2024-06-25T14:47:18.588-04:00  INFO 13256 --- [TaskManagerAPI] [restartedMain] .s.d.r.c.RepositoryConfigurationDelegate : Finished Spring Data repository scanning in 73 ms. Found 2 JPA repository interfaces.
2024-06-25T14:47:19.270-04:00  INFO 13256 --- [TaskManagerAPI] [restartedMain] o.s.b.w.embedded.tomcat.TomcatWebServer  : Tomcat initialized with port 8080 (http)
2024-06-25T14:47:19.287-04:00  INFO 13256 --- [TaskManagerAPI] [restartedMain] o.apache.catalina.core.StandardService   : Starting service [Tomcat]
2024-06-25T14:47:19.288-04:00  INFO 13256 --- [TaskManagerAPI] [restartedMain] o.apache.catalina.core.StandardEngine    : Starting Servlet engine: [Apache Tomcat/10.1.25]
2024-06-25T14:47:19.379-04:00  INFO 13256 --- [TaskManagerAPI] [restartedMain] o.a.c.c.C.[Tomcat].[localhost].[/]       : Initializing Spring embedded WebApplicationContext
2024-06-25T14:47:19.380-04:00  INFO 13256 --- [TaskManagerAPI] [restartedMain] w.s.c.ServletWebServerApplicationContext : Root WebApplicationContext: initialization completed in 1745 ms
2024-06-25T14:47:19.548-04:00  INFO 13256 --- [TaskManagerAPI] [restartedMain] o.hibernate.jpa.internal.util.LogHelper  : HHH000204: Processing PersistenceUnitInfo [name: default]
2024-06-25T14:47:19.623-04:00  INFO 13256 --- [TaskManagerAPI] [restartedMain] org.hibernate.Version                    : HHH000412: Hibernate ORM core version 6.5.2.Final
2024-06-25T14:47:19.674-04:00  INFO 13256 --- [TaskManagerAPI] [restartedMain] o.h.c.internal.RegionFactoryInitiator    : HHH000026: Second-level cache disabled
2024-06-25T14:47:20.026-04:00  INFO 13256 --- [TaskManagerAPI] [restartedMain] o.s.o.j.p.SpringPersistenceUnitInfo      : No LoadTimeWeaver setup: ignoring JPA class transformer
2024-06-25T14:47:20.083-04:00  INFO 13256 --- [TaskManagerAPI] [restartedMain] com.zaxxer.hikari.HikariDataSource       : HikariPool-1 - Starting...
2024-06-25T14:47:20.425-04:00  INFO 13256 --- [TaskManagerAPI] [restartedMain] com.zaxxer.hikari.pool.HikariPool        : HikariPool-1 - Added connection com.mysql.cj.jdbc.ConnectionImpl@75e33cdd
2024-06-25T14:47:20.428-04:00  INFO 13256 --- [TaskManagerAPI] [restartedMain] com.zaxxer.hikari.HikariDataSource       : HikariPool-1 - Start completed.
2024-06-25T14:47:21.580-04:00  INFO 13256 --- [TaskManagerAPI] [restartedMain] o.h.e.t.j.p.i.JtaPlatformInitiator       : HHH000489: No JTA platform available (set 'hibernate.transaction.jta.platform' to enable JTA platform integration)
2024-06-25T14:47:21.643-04:00  INFO 13256 --- [TaskManagerAPI] [restartedMain] j.LocalContainerEntityManagerFactoryBean : Initialized JPA EntityManagerFactory for persistence unit 'default'
2024-06-25T14:47:21.988-04:00  WARN 13256 --- [TaskManagerAPI] [restartedMain] ConfigServletWebServerApplicationContext : Exception encountered during context initialization - cancelling refresh attempt: org.springframework.beans.factory.UnsatisfiedDependencyException: Error creating bean with name 'registrationController': Unsatisfied dependency expressed through field 'passwordEncoder': Error creating bean with name 'securityConfiguration' defined in file [C:\Users\SCOTT\Documents\STS_WORKSPACE_DARK\TaskManagerAPI\target\classes\com\taskmanager\security\SecurityConfiguration.class]: Failed to instantiate [com.taskmanager.security.SecurityConfiguration$$SpringCGLIB$$0]: Constructor threw exception
2024-06-25T14:47:21.989-04:00  INFO 13256 --- [TaskManagerAPI] [restartedMain] j.LocalContainerEntityManagerFactoryBean : Closing JPA EntityManagerFactory for persistence unit 'default'
2024-06-25T14:47:21.995-04:00  INFO 13256 --- [TaskManagerAPI] [restartedMain] com.zaxxer.hikari.HikariDataSource       : HikariPool-1 - Shutdown initiated...
2024-06-25T14:47:22.008-04:00  INFO 13256 --- [TaskManagerAPI] [restartedMain] com.zaxxer.hikari.HikariDataSource       : HikariPool-1 - Shutdown completed.
2024-06-25T14:47:22.010-04:00  INFO 13256 --- [TaskManagerAPI] [restartedMain] o.apache.catalina.core.StandardService   : Stopping service [Tomcat]
2024-06-25T14:47:22.023-04:00  INFO 13256 --- [TaskManagerAPI] [restartedMain] .s.b.a.l.ConditionEvaluationReportLogger : 

Error starting ApplicationContext. To display the condition evaluation report re-run your application with 'debug' enabled.
2024-06-25T14:47:22.051-04:00 ERROR 13256 --- [TaskManagerAPI] [restartedMain] o.s.boot.SpringApplication               : Application run failed

org.springframework.beans.factory.UnsatisfiedDependencyException: Error creating bean with name 'registrationController': Unsatisfied dependency expressed through field 'passwordEncoder': Error creating bean with name 'securityConfiguration' defined in file [C:\Users\SCOTT\Documents\STS_WORKSPACE_DARK\TaskManagerAPI\target\classes\com\taskmanager\security\SecurityConfiguration.class]: Failed to instantiate [com.taskmanager.security.SecurityConfiguration$$SpringCGLIB$$0]: Constructor threw exception
	at org.springframework.beans.factory.annotation.AutowiredAnnotationBeanPostProcessor$AutowiredFieldElement.resolveFieldValue(AutowiredAnnotationBeanPostProcessor.java:787) ~[spring-beans-6.1.10.jar:6.1.10]
	at org.springframework.beans.factory.annotation.AutowiredAnnotationBeanPostProcessor$AutowiredFieldElement.inject(AutowiredAnnotationBeanPostProcessor.java:767) ~[spring-beans-6.1.10.jar:6.1.10]
	at org.springframework.beans.factory.annotation.InjectionMetadata.inject(InjectionMetadata.java:145) ~[spring-beans-6.1.10.jar:6.1.10]
	at org.springframework.beans.factory.annotation.AutowiredAnnotationBeanPostProcessor.postProcessProperties(AutowiredAnnotationBeanPostProcessor.java:508) ~[spring-beans-6.1.10.jar:6.1.10]
	at org.springframework.beans.factory.support.AbstractAutowireCapableBeanFactory.populateBean(AbstractAutowireCapableBeanFactory.java:1421) ~[spring-beans-6.1.10.jar:6.1.10]
	at org.springframework.beans.factory.support.AbstractAutowireCapableBeanFactory.doCreateBean(AbstractAutowireCapableBeanFactory.java:599) ~[spring-beans-6.1.10.jar:6.1.10]
	at org.springframework.beans.factory.support.AbstractAutowireCapableBeanFactory.createBean(AbstractAutowireCapableBeanFactory.java:522) ~[spring-beans-6.1.10.jar:6.1.10]
	at org.springframework.beans.factory.support.AbstractBeanFactory.lambda$doGetBean$0(AbstractBeanFactory.java:337) ~[spring-beans-6.1.10.jar:6.1.10]
	at org.springframework.beans.factory.support.DefaultSingletonBeanRegistry.getSingleton(DefaultSingletonBeanRegistry.java:234) ~[spring-beans-6.1.10.jar:6.1.10]
	at org.springframework.beans.factory.support.AbstractBeanFactory.doGetBean(AbstractBeanFactory.java:335) ~[spring-beans-6.1.10.jar:6.1.10]
	at org.springframework.beans.factory.support.AbstractBeanFactory.getBean(AbstractBeanFactory.java:200) ~[spring-beans-6.1.10.jar:6.1.10]
	at org.springframework.beans.factory.support.DefaultListableBeanFactory.preInstantiateSingletons(DefaultListableBeanFactory.java:975) ~[spring-beans-6.1.10.jar:6.1.10]
	at org.springframework.context.support.AbstractApplicationContext.finishBeanFactoryInitialization(AbstractApplicationContext.java:962) ~[spring-context-6.1.10.jar:6.1.10]
	at org.springframework.context.support.AbstractApplicationContext.refresh(AbstractApplicationContext.java:624) ~[spring-context-6.1.10.jar:6.1.10]
	at org.springframework.boot.web.servlet.context.ServletWebServerApplicationContext.refresh(ServletWebServerApplicationContext.java:146) ~[spring-boot-3.3.1.jar:3.3.1]
	at org.springframework.boot.SpringApplication.refresh(SpringApplication.java:754) ~[spring-boot-3.3.1.jar:3.3.1]
	at org.springframework.boot.SpringApplication.refreshContext(SpringApplication.java:456) ~[spring-boot-3.3.1.jar:3.3.1]
	at org.springframework.boot.SpringApplication.run(SpringApplication.java:335) ~[spring-boot-3.3.1.jar:3.3.1]
	at org.springframework.boot.SpringApplication.run(SpringApplication.java:1363) ~[spring-boot-3.3.1.jar:3.3.1]
	at org.springframework.boot.SpringApplication.run(SpringApplication.java:1352) ~[spring-boot-3.3.1.jar:3.3.1]
	at com.taskmanager.TaskManagerApiApplication.main(TaskManagerApiApplication.java:10) ~[classes/:na]
	at java.base/jdk.internal.reflect.NativeMethodAccessorImpl.invoke0(Native Method) ~[na:na]
	at java.base/jdk.internal.reflect.NativeMethodAccessorImpl.invoke(NativeMethodAccessorImpl.java:77) ~[na:na]
	at java.base/jdk.internal.reflect.DelegatingMethodAccessorImpl.invoke(DelegatingMethodAccessorImpl.java:43) ~[na:na]
	at java.base/java.lang.reflect.Method.invoke(Method.java:568) ~[na:na]
	at org.springframework.boot.devtools.restart.RestartLauncher.run(RestartLauncher.java:50) ~[spring-boot-devtools-3.3.1.jar:3.3.1]
Caused by: org.springframework.beans.factory.BeanCreationException: Error creating bean with name 'securityConfiguration' defined in file [C:\Users\SCOTT\Documents\STS_WORKSPACE_DARK\TaskManagerAPI\target\classes\com\taskmanager\security\SecurityConfiguration.class]: Failed to instantiate [com.taskmanager.security.SecurityConfiguration$$SpringCGLIB$$0]: Constructor threw exception
	at org.springframework.beans.factory.support.AbstractAutowireCapableBeanFactory.instantiateBean(AbstractAutowireCapableBeanFactory.java:1319) ~[spring-beans-6.1.10.jar:6.1.10]
	at org.springframework.beans.factory.support.AbstractAutowireCapableBeanFactory.createBeanInstance(AbstractAutowireCapableBeanFactory.java:1204) ~[spring-beans-6.1.10.jar:6.1.10]
	at org.springframework.beans.factory.support.AbstractAutowireCapableBeanFactory.doCreateBean(AbstractAutowireCapableBeanFactory.java:562) ~[spring-beans-6.1.10.jar:6.1.10]
	at org.springframework.beans.factory.support.AbstractAutowireCapableBeanFactory.createBean(AbstractAutowireCapableBeanFactory.java:522) ~[spring-beans-6.1.10.jar:6.1.10]
	at org.springframework.beans.factory.support.AbstractBeanFactory.lambda$doGetBean$0(AbstractBeanFactory.java:337) ~[spring-beans-6.1.10.jar:6.1.10]
	at org.springframework.beans.factory.support.DefaultSingletonBeanRegistry.getSingleton(DefaultSingletonBeanRegistry.java:234) ~[spring-beans-6.1.10.jar:6.1.10]
	at org.springframework.beans.factory.support.AbstractBeanFactory.doGetBean(AbstractBeanFactory.java:335) ~[spring-beans-6.1.10.jar:6.1.10]
	at org.springframework.beans.factory.support.AbstractBeanFactory.getBean(AbstractBeanFactory.java:200) ~[spring-beans-6.1.10.jar:6.1.10]
	at org.springframework.beans.factory.support.ConstructorResolver.instantiateUsingFactoryMethod(ConstructorResolver.java:409) ~[spring-beans-6.1.10.jar:6.1.10]
	at org.springframework.beans.factory.support.AbstractAutowireCapableBeanFactory.instantiateUsingFactoryMethod(AbstractAutowireCapableBeanFactory.java:1337) ~[spring-beans-6.1.10.jar:6.1.10]
	at org.springframework.beans.factory.support.AbstractAutowireCapableBeanFactory.createBeanInstance(AbstractAutowireCapableBeanFactory.java:1167) ~[spring-beans-6.1.10.jar:6.1.10]
	at org.springframework.beans.factory.support.AbstractAutowireCapableBeanFactory.doCreateBean(AbstractAutowireCapableBeanFactory.java:562) ~[spring-beans-6.1.10.jar:6.1.10]
	at org.springframework.beans.factory.support.AbstractAutowireCapableBeanFactory.createBean(AbstractAutowireCapableBeanFactory.java:522) ~[spring-beans-6.1.10.jar:6.1.10]
	at org.springframework.beans.factory.support.AbstractBeanFactory.lambda$doGetBean$0(AbstractBeanFactory.java:337) ~[spring-beans-6.1.10.jar:6.1.10]
	at org.springframework.beans.factory.support.DefaultSingletonBeanRegistry.getSingleton(DefaultSingletonBeanRegistry.java:234) ~[spring-beans-6.1.10.jar:6.1.10]
	at org.springframework.beans.factory.support.AbstractBeanFactory.doGetBean(AbstractBeanFactory.java:335) ~[spring-beans-6.1.10.jar:6.1.10]
	at org.springframework.beans.factory.support.AbstractBeanFactory.getBean(AbstractBeanFactory.java:200) ~[spring-beans-6.1.10.jar:6.1.10]
	at org.springframework.beans.factory.config.DependencyDescriptor.resolveCandidate(DependencyDescriptor.java:254) ~[spring-beans-6.1.10.jar:6.1.10]
	at org.springframework.beans.factory.support.DefaultListableBeanFactory.doResolveDependency(DefaultListableBeanFactory.java:1443) ~[spring-beans-6.1.10.jar:6.1.10]
	at org.springframework.beans.factory.support.DefaultListableBeanFactory.resolveDependency(DefaultListableBeanFactory.java:1353) ~[spring-beans-6.1.10.jar:6.1.10]
	at org.springframework.beans.factory.annotation.AutowiredAnnotationBeanPostProcessor$AutowiredFieldElement.resolveFieldValue(AutowiredAnnotationBeanPostProcessor.java:784) ~[spring-beans-6.1.10.jar:6.1.10]
	... 25 common frames omitted
Caused by: org.springframework.beans.BeanInstantiationException: Failed to instantiate [com.taskmanager.security.SecurityConfiguration$$SpringCGLIB$$0]: Constructor threw exception
	at org.springframework.beans.BeanUtils.instantiateClass(BeanUtils.java:221) ~[spring-beans-6.1.10.jar:6.1.10]
	at org.springframework.beans.factory.support.SimpleInstantiationStrategy.instantiate(SimpleInstantiationStrategy.java:88) ~[spring-beans-6.1.10.jar:6.1.10]
	at org.springframework.beans.factory.support.AbstractAutowireCapableBeanFactory.instantiateBean(AbstractAutowireCapableBeanFactory.java:1313) ~[spring-beans-6.1.10.jar:6.1.10]
	... 45 common frames omitted
Caused by: java.lang.Error: Unresolved compilation problems: 
	Syntax error, insert ")" to complete MethodInvocation
	Syntax error, insert ";" to complete Statement
	Syntax error, insert "}" to complete Block
	Syntax error, insert ")" to complete MethodInvocation
	Syntax error, insert ";" to complete ReturnStatement
	Syntax error, insert "}" to complete MethodBody
	String literal is not properly closed by a double-quote

	at com.taskmanager.security.SecurityConfiguration.<init>(SecurityConfiguration.java:48) ~[classes/:na]
	at com.taskmanager.security.SecurityConfiguration$$SpringCGLIB$$0.<init>(<generated>) ~[classes/:na]
	at java.base/jdk.internal.reflect.NativeConstructorAccessorImpl.newInstance0(Native Method) ~[na:na]
	at java.base/jdk.internal.reflect.NativeConstructorAccessorImpl.newInstance(NativeConstructorAccessorImpl.java:77) ~[na:na]
	at java.base/jdk.internal.reflect.DelegatingConstructorAccessorImpl.newInstance(DelegatingConstructorAccessorImpl.java:45) ~[na:na]
	at java.base/java.lang.reflect.Constructor.newInstanceWithCaller(Constructor.java:499) ~[na:na]
	at java.base/java.lang.reflect.Constructor.newInstance(Constructor.java:480) ~[na:na]
	at org.springframework.beans.BeanUtils.instantiateClass(BeanUtils.java:195) ~[spring-beans-6.1.10.jar:6.1.10]
	... 47 common frames omitted

